{"/home/seandreassen/dev/sensing-garden-dashboard/src/components/ExportData.tsx": {"path":"/home/seandreassen/dev/sensing-garden-dashboard/src/components/ExportData.tsx","statementMap":{"0":{"start":{"line":1,"column":18},"end":{"line":1,"column":null}},"1":{"start":{"line":3,"column":25},"end":{"line":3,"column":null}},"2":{"start":{"line":13,"column":23},"end":{"line":21,"column":null}},"3":{"start":{"line":14,"column":2},"end":{"line":21,"column":null}},"4":{"start":{"line":15,"column":16},"end":{"line":15,"column":32}},"5":{"start":{"line":16,"column":4},"end":{"line":17,"column":null}},"6":{"start":{"line":17,"column":6},"end":{"line":17,"column":null}},"7":{"start":{"line":19,"column":4},"end":{"line":19,"column":null}},"8":{"start":{"line":21,"column":4},"end":{"line":21,"column":null}},"9":{"start":{"line":30,"column":82},"end":{"line":30,"column":94}},"10":{"start":{"line":31,"column":30},"end":{"line":40,"column":4}},"11":{"start":{"line":42,"column":40},"end":{"line":42,"column":54}},"12":{"start":{"line":43,"column":42},"end":{"line":43,"column":56}},"13":{"start":{"line":44,"column":46},"end":{"line":44,"column":61}},"14":{"start":{"line":46,"column":25},"end":{"line":165,"column":null}},"15":{"start":{"line":47,"column":4},"end":{"line":165,"column":null}},"16":{"start":{"line":48,"column":35},"end":{"line":48,"column":52}},"17":{"start":{"line":50,"column":45},"end":{"line":50,"column":71}},"18":{"start":{"line":51,"column":6},"end":{"line":56,"column":null}},"19":{"start":{"line":52,"column":8},"end":{"line":52,"column":null}},"20":{"start":{"line":53,"column":17},"end":{"line":56,"column":null}},"21":{"start":{"line":54,"column":8},"end":{"line":54,"column":null}},"22":{"start":{"line":55,"column":17},"end":{"line":56,"column":null}},"23":{"start":{"line":56,"column":8},"end":{"line":56,"column":null}},"24":{"start":{"line":59,"column":6},"end":{"line":91,"column":null}},"25":{"start":{"line":60,"column":20},"end":{"line":60,"column":30}},"26":{"start":{"line":61,"column":26},"end":{"line":61,"column":75}},"27":{"start":{"line":63,"column":25},"end":{"line":63,"column":null}},"28":{"start":{"line":65,"column":21},"end":{"line":78,"column":null}},"29":{"start":{"line":66,"column":10},"end":{"line":78,"column":23}},"30":{"start":{"line":68,"column":26},"end":{"line":68,"column":null}},"31":{"start":{"line":69,"column":14},"end":{"line":70,"column":null}},"32":{"start":{"line":70,"column":16},"end":{"line":70,"column":null}},"33":{"start":{"line":72,"column":26},"end":{"line":72,"column":37}},"34":{"start":{"line":73,"column":14},"end":{"line":74,"column":null}},"35":{"start":{"line":74,"column":16},"end":{"line":74,"column":null}},"36":{"start":{"line":76,"column":14},"end":{"line":76,"column":null}},"37":{"start":{"line":81,"column":20},"end":{"line":81,"column":60}},"38":{"start":{"line":83,"column":21},"end":{"line":83,"column":73}},"39":{"start":{"line":84,"column":20},"end":{"line":84,"column":45}},"40":{"start":{"line":85,"column":18},"end":{"line":85,"column":45}},"41":{"start":{"line":86,"column":8},"end":{"line":86,"column":null}},"42":{"start":{"line":87,"column":8},"end":{"line":87,"column":null}},"43":{"start":{"line":88,"column":8},"end":{"line":88,"column":null}},"44":{"start":{"line":89,"column":8},"end":{"line":89,"column":null}},"45":{"start":{"line":90,"column":8},"end":{"line":90,"column":null}},"46":{"start":{"line":91,"column":8},"end":{"line":91,"column":null}},"47":{"start":{"line":94,"column":6},"end":{"line":123,"column":null}},"48":{"start":{"line":95,"column":20},"end":{"line":95,"column":30}},"49":{"start":{"line":96,"column":26},"end":{"line":96,"column":75}},"50":{"start":{"line":98,"column":25},"end":{"line":98,"column":null}},"51":{"start":{"line":100,"column":54},"end":{"line":110,"column":null}},"52":{"start":{"line":101,"column":72},"end":{"line":101,"column":74}},"53":{"start":{"line":102,"column":10},"end":{"line":107,"column":null}},"54":{"start":{"line":102,"column":23},"end":{"line":102,"column":26}},"55":{"start":{"line":103,"column":22},"end":{"line":103,"column":null}},"56":{"start":{"line":104,"column":12},"end":{"line":107,"column":null}},"57":{"start":{"line":109,"column":10},"end":{"line":109,"column":null}},"58":{"start":{"line":112,"column":21},"end":{"line":114,"column":10}},"59":{"start":{"line":116,"column":20},"end":{"line":116,"column":45}},"60":{"start":{"line":117,"column":18},"end":{"line":117,"column":45}},"61":{"start":{"line":118,"column":8},"end":{"line":118,"column":null}},"62":{"start":{"line":119,"column":8},"end":{"line":119,"column":null}},"63":{"start":{"line":120,"column":8},"end":{"line":120,"column":null}},"64":{"start":{"line":121,"column":8},"end":{"line":121,"column":null}},"65":{"start":{"line":122,"column":8},"end":{"line":122,"column":null}},"66":{"start":{"line":123,"column":8},"end":{"line":123,"column":null}},"67":{"start":{"line":126,"column":6},"end":{"line":162,"column":null}},"68":{"start":{"line":127,"column":20},"end":{"line":127,"column":30}},"69":{"start":{"line":128,"column":26},"end":{"line":128,"column":75}},"70":{"start":{"line":130,"column":28},"end":{"line":130,"column":null}},"71":{"start":{"line":132,"column":20},"end":{"line":132,"column":31}},"72":{"start":{"line":133,"column":23},"end":{"line":133,"column":43}},"73":{"start":{"line":134,"column":8},"end":{"line":135,"column":null}},"74":{"start":{"line":135,"column":10},"end":{"line":135,"column":null}},"75":{"start":{"line":138,"column":8},"end":{"line":151,"column":null}},"76":{"start":{"line":139,"column":10},"end":{"line":140,"column":null}},"77":{"start":{"line":140,"column":12},"end":{"line":140,"column":null}},"78":{"start":{"line":143,"column":23},"end":{"line":143,"column":59}},"79":{"start":{"line":144,"column":10},"end":{"line":145,"column":null}},"80":{"start":{"line":145,"column":12},"end":{"line":145,"column":null}},"81":{"start":{"line":148,"column":32},"end":{"line":148,"column":76}},"82":{"start":{"line":150,"column":27},"end":{"line":150,"column":null}},"83":{"start":{"line":151,"column":10},"end":{"line":151,"column":null}},"84":{"start":{"line":154,"column":24},"end":{"line":154,"column":65}},"85":{"start":{"line":155,"column":20},"end":{"line":155,"column":48}},"86":{"start":{"line":156,"column":18},"end":{"line":156,"column":45}},"87":{"start":{"line":157,"column":8},"end":{"line":157,"column":null}},"88":{"start":{"line":158,"column":8},"end":{"line":158,"column":null}},"89":{"start":{"line":159,"column":8},"end":{"line":159,"column":null}},"90":{"start":{"line":160,"column":8},"end":{"line":160,"column":null}},"91":{"start":{"line":161,"column":8},"end":{"line":161,"column":null}},"92":{"start":{"line":162,"column":8},"end":{"line":162,"column":null}},"93":{"start":{"line":165,"column":6},"end":{"line":165,"column":null}},"94":{"start":{"line":168,"column":2},"end":{"line":215,"column":null}},"95":{"start":{"line":179,"column":25},"end":{"line":179,"column":56}},"96":{"start":{"line":179,"column":50},"end":{"line":179,"column":56}},"97":{"start":{"line":188,"column":25},"end":{"line":188,"column":57}},"98":{"start":{"line":188,"column":51},"end":{"line":188,"column":57}},"99":{"start":{"line":197,"column":25},"end":{"line":197,"column":59}},"100":{"start":{"line":197,"column":53},"end":{"line":197,"column":59}}},"fnMap":{"0":{"name":"(anonymous_0)","decl":{"start":{"line":13,"column":23},"end":{"line":13,"column":30}},"loc":{"start":{"line":13,"column":68},"end":{"line":21,"column":null}},"line":13},"1":{"name":"ExportData","decl":{"start":{"line":29,"column":9},"end":{"line":29,"column":20}},"loc":{"start":{"line":29,"column":55},"end":{"line":215,"column":null}},"line":29},"2":{"name":"(anonymous_2)","decl":{"start":{"line":46,"column":25},"end":{"line":46,"column":37}},"loc":{"start":{"line":46,"column":37},"end":{"line":165,"column":null}},"line":46},"3":{"name":"(anonymous_3)","decl":{"start":{"line":65,"column":27},"end":{"line":65,"column":32}},"loc":{"start":{"line":66,"column":10},"end":{"line":78,"column":23}},"line":66},"4":{"name":"(anonymous_4)","decl":{"start":{"line":67,"column":13},"end":{"line":67,"column":18}},"loc":{"start":{"line":67,"column":24},"end":{"line":77,"column":null}},"line":67},"5":{"name":"(anonymous_5)","decl":{"start":{"line":100,"column":60},"end":{"line":100,"column":65}},"loc":{"start":{"line":100,"column":73},"end":{"line":110,"column":null}},"line":100},"6":{"name":"(anonymous_6)","decl":{"start":{"line":179,"column":10},"end":{"line":179,"column":25}},"loc":{"start":{"line":179,"column":25},"end":{"line":179,"column":56}},"line":179},"7":{"name":"(anonymous_7)","decl":{"start":{"line":179,"column":25},"end":{"line":179,"column":41}},"loc":{"start":{"line":179,"column":50},"end":{"line":179,"column":56}},"line":179},"8":{"name":"(anonymous_8)","decl":{"start":{"line":188,"column":10},"end":{"line":188,"column":25}},"loc":{"start":{"line":188,"column":25},"end":{"line":188,"column":57}},"line":188},"9":{"name":"(anonymous_9)","decl":{"start":{"line":188,"column":25},"end":{"line":188,"column":42}},"loc":{"start":{"line":188,"column":51},"end":{"line":188,"column":57}},"line":188},"10":{"name":"(anonymous_10)","decl":{"start":{"line":197,"column":10},"end":{"line":197,"column":25}},"loc":{"start":{"line":197,"column":25},"end":{"line":197,"column":59}},"line":197},"11":{"name":"(anonymous_11)","decl":{"start":{"line":197,"column":25},"end":{"line":197,"column":44}},"loc":{"start":{"line":197,"column":53},"end":{"line":197,"column":59}},"line":197}},"branchMap":{"0":{"loc":{"start":{"line":16,"column":4},"end":{"line":17,"column":null}},"type":"if","locations":[{"start":{"line":16,"column":4},"end":{"line":17,"column":null}},{"start":{},"end":{}}],"line":16},"1":{"loc":{"start":{"line":34,"column":15},"end":{"line":34,"column":null}},"type":"cond-expr","locations":[{"start":{"line":34,"column":21},"end":{"line":34,"column":26}},{"start":{"line":34,"column":29},"end":{"line":34,"column":null}}],"line":34},"2":{"loc":{"start":{"line":48,"column":35},"end":{"line":48,"column":52}},"type":"binary-expr","locations":[{"start":{"line":48,"column":35},"end":{"line":48,"column":50}},{"start":{"line":48,"column":50},"end":{"line":48,"column":52}}],"line":48},"3":{"loc":{"start":{"line":51,"column":6},"end":{"line":56,"column":null}},"type":"if","locations":[{"start":{"line":51,"column":6},"end":{"line":56,"column":null}},{"start":{"line":53,"column":17},"end":{"line":56,"column":null}}],"line":51},"4":{"loc":{"start":{"line":53,"column":17},"end":{"line":56,"column":null}},"type":"if","locations":[{"start":{"line":53,"column":17},"end":{"line":56,"column":null}},{"start":{"line":55,"column":17},"end":{"line":56,"column":null}}],"line":53},"5":{"loc":{"start":{"line":55,"column":17},"end":{"line":56,"column":null}},"type":"if","locations":[{"start":{"line":55,"column":17},"end":{"line":56,"column":null}},{"start":{},"end":{}}],"line":55},"6":{"loc":{"start":{"line":59,"column":6},"end":{"line":91,"column":null}},"type":"if","locations":[{"start":{"line":59,"column":6},"end":{"line":91,"column":null}},{"start":{},"end":{}}],"line":59},"7":{"loc":{"start":{"line":69,"column":14},"end":{"line":70,"column":null}},"type":"if","locations":[{"start":{"line":69,"column":14},"end":{"line":70,"column":null}},{"start":{},"end":{}}],"line":69},"8":{"loc":{"start":{"line":69,"column":18},"end":{"line":69,"column":53}},"type":"binary-expr","locations":[{"start":{"line":69,"column":18},"end":{"line":69,"column":39}},{"start":{"line":69,"column":39},"end":{"line":69,"column":53}}],"line":69},"9":{"loc":{"start":{"line":73,"column":14},"end":{"line":74,"column":null}},"type":"if","locations":[{"start":{"line":73,"column":14},"end":{"line":74,"column":null}},{"start":{},"end":{}}],"line":73},"10":{"loc":{"start":{"line":73,"column":18},"end":{"line":73,"column":78}},"type":"binary-expr","locations":[{"start":{"line":73,"column":18},"end":{"line":73,"column":35}},{"start":{"line":73,"column":39},"end":{"line":73,"column":56}},{"start":{"line":73,"column":60},"end":{"line":73,"column":78}}],"line":73},"11":{"loc":{"start":{"line":94,"column":6},"end":{"line":123,"column":null}},"type":"if","locations":[{"start":{"line":94,"column":6},"end":{"line":123,"column":null}},{"start":{},"end":{}}],"line":94},"12":{"loc":{"start":{"line":105,"column":14},"end":{"line":107,"column":null}},"type":"cond-expr","locations":[{"start":{"line":106,"column":19},"end":{"line":106,"column":48}},{"start":{"line":107,"column":19},"end":{"line":107,"column":null}}],"line":105},"13":{"loc":{"start":{"line":126,"column":6},"end":{"line":162,"column":null}},"type":"if","locations":[{"start":{"line":126,"column":6},"end":{"line":162,"column":null}},{"start":{},"end":{}}],"line":126},"14":{"loc":{"start":{"line":134,"column":8},"end":{"line":135,"column":null}},"type":"if","locations":[{"start":{"line":134,"column":8},"end":{"line":135,"column":null}},{"start":{},"end":{}}],"line":134},"15":{"loc":{"start":{"line":139,"column":10},"end":{"line":140,"column":null}},"type":"if","locations":[{"start":{"line":139,"column":10},"end":{"line":140,"column":null}},{"start":{},"end":{}}],"line":139},"16":{"loc":{"start":{"line":144,"column":10},"end":{"line":145,"column":null}},"type":"if","locations":[{"start":{"line":144,"column":10},"end":{"line":145,"column":null}},{"start":{},"end":{}}],"line":144},"17":{"loc":{"start":{"line":183,"column":52},"end":{"line":183,"column":82}},"type":"cond-expr","locations":[{"start":{"line":183,"column":66},"end":{"line":183,"column":72}},{"start":{"line":183,"column":72},"end":{"line":183,"column":82}}],"line":183},"18":{"loc":{"start":{"line":192,"column":52},"end":{"line":192,"column":83}},"type":"cond-expr","locations":[{"start":{"line":192,"column":67},"end":{"line":192,"column":73}},{"start":{"line":192,"column":73},"end":{"line":192,"column":83}}],"line":192},"19":{"loc":{"start":{"line":201,"column":52},"end":{"line":201,"column":85}},"type":"cond-expr","locations":[{"start":{"line":201,"column":69},"end":{"line":201,"column":75}},{"start":{"line":201,"column":75},"end":{"line":201,"column":85}}],"line":201},"20":{"loc":{"start":{"line":209,"column":21},"end":{"line":209,"column":null}},"type":"binary-expr","locations":[{"start":{"line":209,"column":21},"end":{"line":209,"column":37}},{"start":{"line":209,"column":37},"end":{"line":209,"column":54}},{"start":{"line":209,"column":54},"end":{"line":209,"column":74}},{"start":{"line":209,"column":74},"end":{"line":209,"column":null}}],"line":209},"21":{"loc":{"start":{"line":212,"column":11},"end":{"line":212,"column":null}},"type":"cond-expr","locations":[{"start":{"line":212,"column":23},"end":{"line":212,"column":38}},{"start":{"line":212,"column":38},"end":{"line":212,"column":null}}],"line":212}},"s":{"0":0,"1":0,"2":0,"3":0,"4":0,"5":0,"6":0,"7":0,"8":0,"9":0,"10":0,"11":0,"12":0,"13":0,"14":0,"15":0,"16":0,"17":0,"18":0,"19":0,"20":0,"21":0,"22":0,"23":0,"24":0,"25":0,"26":0,"27":0,"28":0,"29":0,"30":0,"31":0,"32":0,"33":0,"34":0,"35":0,"36":0,"37":0,"38":0,"39":0,"40":0,"41":0,"42":0,"43":0,"44":0,"45":0,"46":0,"47":0,"48":0,"49":0,"50":0,"51":0,"52":0,"53":0,"54":0,"55":0,"56":0,"57":0,"58":0,"59":0,"60":0,"61":0,"62":0,"63":0,"64":0,"65":0,"66":0,"67":0,"68":0,"69":0,"70":0,"71":0,"72":0,"73":0,"74":0,"75":0,"76":0,"77":0,"78":0,"79":0,"80":0,"81":0,"82":0,"83":0,"84":0,"85":0,"86":0,"87":0,"88":0,"89":0,"90":0,"91":0,"92":0,"93":0,"94":0,"95":0,"96":0,"97":0,"98":0,"99":0,"100":0},"f":{"0":0,"1":0,"2":0,"3":0,"4":0,"5":0,"6":0,"7":0,"8":0,"9":0,"10":0,"11":0},"b":{"0":[0,0],"1":[0,0],"2":[0,0],"3":[0,0],"4":[0,0],"5":[0,0],"6":[0,0],"7":[0,0],"8":[0,0],"9":[0,0],"10":[0,0,0],"11":[0,0],"12":[0,0],"13":[0,0],"14":[0,0],"15":[0,0],"16":[0,0],"17":[0,0],"18":[0,0],"19":[0,0],"20":[0,0,0,0],"21":[0,0]},"meta":{"lastBranch":22,"lastFunction":12,"lastStatement":101,"seen":{"s:1:18:1:Infinity":0,"s:3:25:3:Infinity":1,"s:13:23:21:Infinity":2,"f:13:23:13:30":0,"s:14:2:21:Infinity":3,"s:15:16:15:32":4,"b:16:4:17:Infinity:undefined:undefined:undefined:undefined":0,"s:16:4:17:Infinity":5,"s:17:6:17:Infinity":6,"s:19:4:19:Infinity":7,"s:21:4:21:Infinity":8,"f:29:9:29:20":1,"s:30:82:30:94":9,"s:31:30:40:4":10,"b:34:21:34:26:34:29:34:Infinity":1,"s:42:40:42:54":11,"s:43:42:43:56":12,"s:44:46:44:61":13,"s:46:25:165:Infinity":14,"f:46:25:46:37":2,"s:47:4:165:Infinity":15,"s:48:35:48:52":16,"b:48:35:48:50:48:50:48:52":2,"s:50:45:50:71":17,"b:51:6:56:Infinity:53:17:56:Infinity":3,"s:51:6:56:Infinity":18,"s:52:8:52:Infinity":19,"b:53:17:56:Infinity:55:17:56:Infinity":4,"s:53:17:56:Infinity":20,"s:54:8:54:Infinity":21,"b:55:17:56:Infinity:undefined:undefined:undefined:undefined":5,"s:55:17:56:Infinity":22,"s:56:8:56:Infinity":23,"b:59:6:91:Infinity:undefined:undefined:undefined:undefined":6,"s:59:6:91:Infinity":24,"s:60:20:60:30":25,"s:61:26:61:75":26,"s:63:25:63:Infinity":27,"s:65:21:78:Infinity":28,"f:65:27:65:32":3,"s:66:10:78:23":29,"f:67:13:67:18":4,"s:68:26:68:Infinity":30,"b:69:14:70:Infinity:undefined:undefined:undefined:undefined":7,"s:69:14:70:Infinity":31,"b:69:18:69:39:69:39:69:53":8,"s:70:16:70:Infinity":32,"s:72:26:72:37":33,"b:73:14:74:Infinity:undefined:undefined:undefined:undefined":9,"s:73:14:74:Infinity":34,"b:73:18:73:35:73:39:73:56:73:60:73:78":10,"s:74:16:74:Infinity":35,"s:76:14:76:Infinity":36,"s:81:20:81:60":37,"s:83:21:83:73":38,"s:84:20:84:45":39,"s:85:18:85:45":40,"s:86:8:86:Infinity":41,"s:87:8:87:Infinity":42,"s:88:8:88:Infinity":43,"s:89:8:89:Infinity":44,"s:90:8:90:Infinity":45,"s:91:8:91:Infinity":46,"b:94:6:123:Infinity:undefined:undefined:undefined:undefined":11,"s:94:6:123:Infinity":47,"s:95:20:95:30":48,"s:96:26:96:75":49,"s:98:25:98:Infinity":50,"s:100:54:110:Infinity":51,"f:100:60:100:65":5,"s:101:72:101:74":52,"s:102:10:107:Infinity":53,"s:102:23:102:26":54,"s:103:22:103:Infinity":55,"s:104:12:107:Infinity":56,"b:106:19:106:48:107:19:107:Infinity":12,"s:109:10:109:Infinity":57,"s:112:21:114:10":58,"s:116:20:116:45":59,"s:117:18:117:45":60,"s:118:8:118:Infinity":61,"s:119:8:119:Infinity":62,"s:120:8:120:Infinity":63,"s:121:8:121:Infinity":64,"s:122:8:122:Infinity":65,"s:123:8:123:Infinity":66,"b:126:6:162:Infinity:undefined:undefined:undefined:undefined":13,"s:126:6:162:Infinity":67,"s:127:20:127:30":68,"s:128:26:128:75":69,"s:130:28:130:Infinity":70,"s:132:20:132:31":71,"s:133:23:133:43":72,"b:134:8:135:Infinity:undefined:undefined:undefined:undefined":14,"s:134:8:135:Infinity":73,"s:135:10:135:Infinity":74,"s:138:8:151:Infinity":75,"b:139:10:140:Infinity:undefined:undefined:undefined:undefined":15,"s:139:10:140:Infinity":76,"s:140:12:140:Infinity":77,"s:143:23:143:59":78,"b:144:10:145:Infinity:undefined:undefined:undefined:undefined":16,"s:144:10:145:Infinity":79,"s:145:12:145:Infinity":80,"s:148:32:148:76":81,"s:150:27:150:Infinity":82,"s:151:10:151:Infinity":83,"s:154:24:154:65":84,"s:155:20:155:48":85,"s:156:18:156:45":86,"s:157:8:157:Infinity":87,"s:158:8:158:Infinity":88,"s:159:8:159:Infinity":89,"s:160:8:160:Infinity":90,"s:161:8:161:Infinity":91,"s:162:8:162:Infinity":92,"s:165:6:165:Infinity":93,"s:168:2:215:Infinity":94,"f:179:10:179:25":6,"s:179:25:179:56":95,"f:179:25:179:41":7,"s:179:50:179:56":96,"b:183:66:183:72:183:72:183:82":17,"f:188:10:188:25":8,"s:188:25:188:57":97,"f:188:25:188:42":9,"s:188:51:188:57":98,"b:192:67:192:73:192:73:192:83":18,"f:197:10:197:25":10,"s:197:25:197:59":99,"f:197:25:197:44":11,"s:197:53:197:59":100,"b:201:69:201:75:201:75:201:85":19,"b:209:21:209:37:209:37:209:54:209:54:209:74:209:74:209:Infinity":20,"b:212:23:212:38:212:38:212:Infinity":21}}}
,"/home/seandreassen/dev/sensing-garden-dashboard/src/components/NotFound.tsx": {"path":"/home/seandreassen/dev/sensing-garden-dashboard/src/components/NotFound.tsx","statementMap":{"0":{"start":{"line":7,"column":2},"end":{"line":14,"column":null}}},"fnMap":{"0":{"name":"NotFound","decl":{"start":{"line":6,"column":9},"end":{"line":6,"column":20}},"loc":{"start":{"line":6,"column":20},"end":{"line":14,"column":null}},"line":6}},"branchMap":{},"s":{"0":1},"f":{"0":1},"b":{},"meta":{"lastBranch":0,"lastFunction":1,"lastStatement":1,"seen":{"f:6:9:6:20":0,"s:7:2:14:Infinity":0}}}
,"/home/seandreassen/dev/sensing-garden-dashboard/src/components/RootHeader.tsx": {"path":"/home/seandreassen/dev/sensing-garden-dashboard/src/components/RootHeader.tsx","statementMap":{"0":{"start":{"line":5,"column":2},"end":{"line":12,"column":null}}},"fnMap":{"0":{"name":"Header","decl":{"start":{"line":4,"column":9},"end":{"line":4,"column":18}},"loc":{"start":{"line":4,"column":18},"end":{"line":12,"column":null}},"line":4}},"branchMap":{},"s":{"0":0},"f":{"0":0},"b":{},"meta":{"lastBranch":0,"lastFunction":1,"lastStatement":1,"seen":{"f:4:9:4:18":0,"s:5:2:12:Infinity":0}}}
,"/home/seandreassen/dev/sensing-garden-dashboard/src/components/analysis/SpeciesRichnessCard.tsx": {"path":"/home/seandreassen/dev/sensing-garden-dashboard/src/components/analysis/SpeciesRichnessCard.tsx","statementMap":{"0":{"start":{"line":13,"column":82},"end":{"line":13,"column":94}},"1":{"start":{"line":14,"column":30},"end":{"line":23,"column":4}},"2":{"start":{"line":25,"column":8},"end":{"line":34,"column":null}},"3":{"start":{"line":26,"column":4},"end":{"line":32,"column":null}},"4":{"start":{"line":28,"column":8},"end":{"line":28,"column":null}},"5":{"start":{"line":30,"column":8},"end":{"line":30,"column":null}},"6":{"start":{"line":32,"column":8},"end":{"line":32,"column":null}},"7":{"start":{"line":36,"column":2},"end":{"line":52,"column":null}}},"fnMap":{"0":{"name":"SpeciesRichnessCard","decl":{"start":{"line":12,"column":9},"end":{"line":12,"column":29}},"loc":{"start":{"line":12,"column":73},"end":{"line":52,"column":null}},"line":12},"1":{"name":"(anonymous_1)","decl":{"start":{"line":25,"column":8},"end":{"line":25,"column":23}},"loc":{"start":{"line":25,"column":23},"end":{"line":34,"column":null}},"line":25}},"branchMap":{"0":{"loc":{"start":{"line":17,"column":15},"end":{"line":17,"column":null}},"type":"cond-expr","locations":[{"start":{"line":17,"column":21},"end":{"line":17,"column":26}},{"start":{"line":17,"column":29},"end":{"line":17,"column":null}}],"line":17},"1":{"loc":{"start":{"line":26,"column":4},"end":{"line":32,"column":null}},"type":"switch","locations":[{"start":{"line":27,"column":6},"end":{"line":28,"column":null}},{"start":{"line":29,"column":6},"end":{"line":30,"column":null}},{"start":{"line":31,"column":6},"end":{"line":32,"column":null}}],"line":26},"2":{"loc":{"start":{"line":44,"column":9},"end":{"line":51,"column":null}},"type":"cond-expr","locations":[{"start":{"line":45,"column":10},"end":{"line":49,"column":11}},{"start":{"line":49,"column":10},"end":{"line":51,"column":null}}],"line":44},"3":{"loc":{"start":{"line":49,"column":57},"end":{"line":49,"column":89}},"type":"binary-expr","locations":[{"start":{"line":49,"column":57},"end":{"line":49,"column":80}},{"start":{"line":49,"column":80},"end":{"line":49,"column":89}}],"line":49}},"s":{"0":0,"1":0,"2":0,"3":0,"4":0,"5":0,"6":0,"7":0},"f":{"0":0,"1":0},"b":{"0":[0,0],"1":[0,0,0],"2":[0,0],"3":[0,0]},"meta":{"lastBranch":4,"lastFunction":2,"lastStatement":8,"seen":{"f:12:9:12:29":0,"s:13:82:13:94":0,"s:14:30:23:4":1,"b:17:21:17:26:17:29:17:Infinity":0,"s:25:8:34:Infinity":2,"f:25:8:25:23":1,"b:27:6:28:Infinity:29:6:30:Infinity:31:6:32:Infinity":1,"s:26:4:32:Infinity":3,"s:28:8:28:Infinity":4,"s:30:8:30:Infinity":5,"s:32:8:32:Infinity":6,"s:36:2:52:Infinity":7,"b:45:10:49:11:49:10:51:Infinity":2,"b:49:57:49:80:49:80:49:89":3}}}
,"/home/seandreassen/dev/sensing-garden-dashboard/src/components/analysis/TopInsectCard.tsx": {"path":"/home/seandreassen/dev/sensing-garden-dashboard/src/components/analysis/TopInsectCard.tsx","statementMap":{"0":{"start":{"line":5,"column":18},"end":{"line":5,"column":null}},"1":{"start":{"line":6,"column":2},"end":{"line":6,"column":null}},"2":{"start":{"line":10,"column":37},"end":{"line":10,"column":54}},"3":{"start":{"line":12,"column":2},"end":{"line":54,"column":null}},"4":{"start":{"line":35,"column":16},"end":{"line":48,"column":null}}},"fnMap":{"0":{"name":"formatPct","decl":{"start":{"line":4,"column":9},"end":{"line":4,"column":19}},"loc":{"start":{"line":4,"column":34},"end":{"line":6,"column":null}},"line":4},"1":{"name":"TopInsectCard","decl":{"start":{"line":9,"column":16},"end":{"line":9,"column":32}},"loc":{"start":{"line":9,"column":32},"end":{"line":54,"column":null}},"line":9},"2":{"name":"(anonymous_2)","decl":{"start":{"line":34,"column":20},"end":{"line":34,"column":25}},"loc":{"start":{"line":35,"column":16},"end":{"line":48,"column":null}},"line":35}},"branchMap":{"0":{"loc":{"start":{"line":6,"column":9},"end":{"line":6,"column":null}},"type":"cond-expr","locations":[{"start":{"line":6,"column":29},"end":{"line":6,"column":56}},{"start":{"line":6,"column":56},"end":{"line":6,"column":null}}],"line":6},"1":{"loc":{"start":{"line":20,"column":9},"end":{"line":53,"column":null}},"type":"cond-expr","locations":[{"start":{"line":21,"column":10},"end":{"line":22,"column":null}},{"start":{"line":22,"column":12},"end":{"line":53,"column":null}}],"line":20},"2":{"loc":{"start":{"line":22,"column":12},"end":{"line":53,"column":null}},"type":"cond-expr","locations":[{"start":{"line":23,"column":10},"end":{"line":25,"column":11}},{"start":{"line":25,"column":10},"end":{"line":53,"column":null}}],"line":22}},"s":{"0":0,"1":0,"2":0,"3":0,"4":0},"f":{"0":0,"1":0,"2":0},"b":{"0":[0,0],"1":[0,0],"2":[0,0]},"meta":{"lastBranch":3,"lastFunction":3,"lastStatement":5,"seen":{"f:4:9:4:19":0,"s:5:18:5:Infinity":0,"s:6:2:6:Infinity":1,"b:6:29:6:56:6:56:6:Infinity":0,"f:9:16:9:32":1,"s:10:37:10:54":2,"s:12:2:54:Infinity":3,"b:21:10:22:Infinity:22:12:53:Infinity":1,"b:23:10:25:11:25:10:53:Infinity":2,"f:34:20:34:25":2,"s:35:16:48:Infinity":4}}}
,"/home/seandreassen/dev/sensing-garden-dashboard/src/components/analysis/TotalInsectCountCard.tsx": {"path":"/home/seandreassen/dev/sensing-garden-dashboard/src/components/analysis/TotalInsectCountCard.tsx","statementMap":{"0":{"start":{"line":13,"column":82},"end":{"line":13,"column":94}},"1":{"start":{"line":14,"column":30},"end":{"line":22,"column":4}},"2":{"start":{"line":24,"column":2},"end":{"line":42,"column":null}}},"fnMap":{"0":{"name":"TotalInsectCountCard","decl":{"start":{"line":12,"column":9},"end":{"line":12,"column":30}},"loc":{"start":{"line":12,"column":75},"end":{"line":42,"column":null}},"line":12}},"branchMap":{"0":{"loc":{"start":{"line":17,"column":15},"end":{"line":17,"column":null}},"type":"cond-expr","locations":[{"start":{"line":17,"column":21},"end":{"line":17,"column":26}},{"start":{"line":17,"column":29},"end":{"line":17,"column":null}}],"line":17},"1":{"loc":{"start":{"line":34,"column":9},"end":{"line":41,"column":null}},"type":"cond-expr","locations":[{"start":{"line":35,"column":10},"end":{"line":39,"column":11}},{"start":{"line":39,"column":10},"end":{"line":41,"column":null}}],"line":34},"2":{"loc":{"start":{"line":39,"column":57},"end":{"line":39,"column":81}},"type":"binary-expr","locations":[{"start":{"line":39,"column":57},"end":{"line":39,"column":72}},{"start":{"line":39,"column":72},"end":{"line":39,"column":81}}],"line":39}},"s":{"0":0,"1":0,"2":0},"f":{"0":0},"b":{"0":[0,0],"1":[0,0],"2":[0,0]},"meta":{"lastBranch":3,"lastFunction":1,"lastStatement":3,"seen":{"f:12:9:12:30":0,"s:13:82:13:94":0,"s:14:30:22:4":1,"b:17:21:17:26:17:29:17:Infinity":0,"s:24:2:42:Infinity":2,"b:35:10:39:11:39:10:41:Infinity":1,"b:39:57:39:72:39:72:39:81":2}}}
,"/home/seandreassen/dev/sensing-garden-dashboard/src/components/charts/ActivityHeatmap.tsx": {"path":"/home/seandreassen/dev/sensing-garden-dashboard/src/components/charts/ActivityHeatmap.tsx","statementMap":{"0":{"start":{"line":1,"column":57},"end":{"line":1,"column":null}},"1":{"start":{"line":16,"column":38},"end":{"line":16,"column":72}},"2":{"start":{"line":17,"column":38},"end":{"line":17,"column":78}},"3":{"start":{"line":18,"column":48},"end":{"line":18,"column":63}},"4":{"start":{"line":19,"column":18},"end":{"line":19,"column":46}},"5":{"start":{"line":21,"column":28},"end":{"line":42,"column":8}},"6":{"start":{"line":22,"column":4},"end":{"line":23,"column":null}},"7":{"start":{"line":23,"column":6},"end":{"line":23,"column":null}},"8":{"start":{"line":27,"column":6},"end":{"line":28,"column":97}},"9":{"start":{"line":30,"column":4},"end":{"line":31,"column":null}},"10":{"start":{"line":31,"column":6},"end":{"line":31,"column":null}},"11":{"start":{"line":34,"column":21},"end":{"line":34,"column":60}},"12":{"start":{"line":35,"column":21},"end":{"line":35,"column":52}},"13":{"start":{"line":36,"column":20},"end":{"line":36,"column":null}},"14":{"start":{"line":37,"column":20},"end":{"line":37,"column":null}},"15":{"start":{"line":38,"column":20},"end":{"line":38,"column":null}},"16":{"start":{"line":39,"column":14},"end":{"line":39,"column":null}},"17":{"start":{"line":41,"column":4},"end":{"line":41,"column":null}},"18":{"start":{"line":44,"column":23},"end":{"line":49,"column":null}},"19":{"start":{"line":46,"column":6},"end":{"line":46,"column":null}},"20":{"start":{"line":47,"column":6},"end":{"line":47,"column":null}},"21":{"start":{"line":52,"column":2},"end":{"line":71,"column":null}},"22":{"start":{"line":53,"column":4},"end":{"line":55,"column":null}},"23":{"start":{"line":54,"column":6},"end":{"line":54,"column":null}},"24":{"start":{"line":55,"column":6},"end":{"line":55,"column":null}},"25":{"start":{"line":58,"column":21},"end":{"line":58,"column":48}},"26":{"start":{"line":59,"column":4},"end":{"line":61,"column":null}},"27":{"start":{"line":60,"column":6},"end":{"line":60,"column":null}},"28":{"start":{"line":61,"column":6},"end":{"line":61,"column":null}},"29":{"start":{"line":64,"column":4},"end":{"line":64,"column":null}},"30":{"start":{"line":66,"column":18},"end":{"line":68,"column":null}},"31":{"start":{"line":67,"column":6},"end":{"line":67,"column":null}},"32":{"start":{"line":70,"column":4},"end":{"line":70,"column":null}},"33":{"start":{"line":70,"column":17},"end":{"line":70,"column":51}},"34":{"start":{"line":73,"column":2},"end":{"line":84,"column":null}},"35":{"start":{"line":74,"column":4},"end":{"line":75,"column":null}},"36":{"start":{"line":75,"column":6},"end":{"line":75,"column":null}},"37":{"start":{"line":78,"column":10},"end":{"line":79,"column":null}},"38":{"start":{"line":79,"column":6},"end":{"line":79,"column":null}},"39":{"start":{"line":82,"column":4},"end":{"line":82,"column":null}},"40":{"start":{"line":83,"column":4},"end":{"line":83,"column":null}},"41":{"start":{"line":83,"column":17},"end":{"line":83,"column":67}},"42":{"start":{"line":86,"column":2},"end":{"line":90,"column":null}},"43":{"start":{"line":87,"column":4},"end":{"line":90,"column":null}},"44":{"start":{"line":94,"column":2},"end":{"line":98,"column":null}},"45":{"start":{"line":95,"column":4},"end":{"line":98,"column":null}},"46":{"start":{"line":102,"column":15},"end":{"line":102,"column":null}},"47":{"start":{"line":103,"column":19},"end":{"line":103,"column":41}},"48":{"start":{"line":104,"column":32},"end":{"line":104,"column":null}},"49":{"start":{"line":106,"column":2},"end":{"line":184,"column":null}},"50":{"start":{"line":113,"column":28},"end":{"line":113,"column":52}},"51":{"start":{"line":115,"column":10},"end":{"line":115,"column":null}},"52":{"start":{"line":116,"column":10},"end":{"line":116,"column":null}},"53":{"start":{"line":127,"column":14},"end":{"line":132,"column":null}},"54":{"start":{"line":142,"column":16},"end":{"line":147,"column":null}},"55":{"start":{"line":152,"column":14},"end":{"line":169,"column":null}},"56":{"start":{"line":158,"column":18},"end":{"line":167,"column":null}},"57":{"start":{"line":165,"column":41},"end":{"line":165,"column":76}},"58":{"start":{"line":166,"column":36},"end":{"line":166,"column":71}}},"fnMap":{"0":{"name":"ActivityHeatmap","decl":{"start":{"line":15,"column":9},"end":{"line":15,"column":25}},"loc":{"start":{"line":15,"column":83},"end":{"line":184,"column":null}},"line":15},"1":{"name":"(anonymous_1)","decl":{"start":{"line":21,"column":28},"end":{"line":21,"column":41}},"loc":{"start":{"line":21,"column":92},"end":{"line":42,"column":7}},"line":21},"2":{"name":"(anonymous_2)","decl":{"start":{"line":44,"column":23},"end":{"line":44,"column":null}},"loc":{"start":{"line":45,"column":56},"end":{"line":49,"column":5}},"line":45},"3":{"name":"(anonymous_3)","decl":{"start":{"line":52,"column":2},"end":{"line":52,"column":18}},"loc":{"start":{"line":52,"column":18},"end":{"line":71,"column":6}},"line":52},"4":{"name":"(anonymous_4)","decl":{"start":{"line":66,"column":25},"end":{"line":66,"column":53}},"loc":{"start":{"line":66,"column":53},"end":{"line":68,"column":null}},"line":66},"5":{"name":"(anonymous_5)","decl":{"start":{"line":70,"column":4},"end":{"line":70,"column":17}},"loc":{"start":{"line":70,"column":17},"end":{"line":70,"column":51}},"line":70},"6":{"name":"(anonymous_6)","decl":{"start":{"line":73,"column":2},"end":{"line":73,"column":18}},"loc":{"start":{"line":73,"column":18},"end":{"line":84,"column":6}},"line":73},"7":{"name":"(anonymous_7)","decl":{"start":{"line":78,"column":10},"end":{"line":78,"column":31}},"loc":{"start":{"line":78,"column":31},"end":{"line":79,"column":null}},"line":78},"8":{"name":"(anonymous_8)","decl":{"start":{"line":83,"column":4},"end":{"line":83,"column":17}},"loc":{"start":{"line":83,"column":17},"end":{"line":83,"column":67}},"line":83},"9":{"name":"(anonymous_9)","decl":{"start":{"line":113,"column":8},"end":{"line":113,"column":28}},"loc":{"start":{"line":113,"column":28},"end":{"line":113,"column":52}},"line":113},"10":{"name":"(anonymous_10)","decl":{"start":{"line":114,"column":8},"end":{"line":114,"column":28}},"loc":{"start":{"line":114,"column":28},"end":{"line":116,"column":null}},"line":114},"11":{"name":"(anonymous_11)","decl":{"start":{"line":126,"column":28},"end":{"line":126,"column":33}},"loc":{"start":{"line":127,"column":14},"end":{"line":132,"column":null}},"line":127},"12":{"name":"(anonymous_12)","decl":{"start":{"line":141,"column":30},"end":{"line":141,"column":35}},"loc":{"start":{"line":142,"column":16},"end":{"line":147,"column":null}},"line":142},"13":{"name":"(anonymous_13)","decl":{"start":{"line":151,"column":24},"end":{"line":151,"column":29}},"loc":{"start":{"line":152,"column":14},"end":{"line":169,"column":null}},"line":152},"14":{"name":"(anonymous_14)","decl":{"start":{"line":157,"column":21},"end":{"line":157,"column":26}},"loc":{"start":{"line":158,"column":18},"end":{"line":167,"column":null}},"line":158},"15":{"name":"(anonymous_15)","decl":{"start":{"line":165,"column":20},"end":{"line":165,"column":35}},"loc":{"start":{"line":165,"column":41},"end":{"line":165,"column":76}},"line":165},"16":{"name":"(anonymous_16)","decl":{"start":{"line":166,"column":20},"end":{"line":166,"column":30}},"loc":{"start":{"line":166,"column":36},"end":{"line":166,"column":71}},"line":166}},"branchMap":{"0":{"loc":{"start":{"line":22,"column":4},"end":{"line":23,"column":null}},"type":"if","locations":[{"start":{"line":22,"column":4},"end":{"line":23,"column":null}},{"start":{},"end":{}}],"line":22},"1":{"loc":{"start":{"line":27,"column":6},"end":{"line":28,"column":97}},"type":"binary-expr","locations":[{"start":{"line":27,"column":6},"end":{"line":27,"column":null}},{"start":{"line":28,"column":6},"end":{"line":28,"column":97}}],"line":27},"2":{"loc":{"start":{"line":30,"column":4},"end":{"line":31,"column":null}},"type":"if","locations":[{"start":{"line":30,"column":4},"end":{"line":31,"column":null}},{"start":{},"end":{}}],"line":30},"3":{"loc":{"start":{"line":39,"column":14},"end":{"line":39,"column":null}},"type":"cond-expr","locations":[{"start":{"line":39,"column":24},"end":{"line":39,"column":61}},{"start":{"line":39,"column":61},"end":{"line":39,"column":null}}],"line":39},"4":{"loc":{"start":{"line":53,"column":4},"end":{"line":55,"column":null}},"type":"if","locations":[{"start":{"line":53,"column":4},"end":{"line":55,"column":null}},{"start":{},"end":{}}],"line":53},"5":{"loc":{"start":{"line":59,"column":4},"end":{"line":61,"column":null}},"type":"if","locations":[{"start":{"line":59,"column":4},"end":{"line":61,"column":null}},{"start":{},"end":{}}],"line":59},"6":{"loc":{"start":{"line":74,"column":4},"end":{"line":75,"column":null}},"type":"if","locations":[{"start":{"line":74,"column":4},"end":{"line":75,"column":null}},{"start":{},"end":{}}],"line":74},"7":{"loc":{"start":{"line":86,"column":2},"end":{"line":90,"column":null}},"type":"if","locations":[{"start":{"line":86,"column":2},"end":{"line":90,"column":null}},{"start":{},"end":{}}],"line":86},"8":{"loc":{"start":{"line":94,"column":2},"end":{"line":98,"column":null}},"type":"if","locations":[{"start":{"line":94,"column":2},"end":{"line":98,"column":null}},{"start":{},"end":{}}],"line":94},"9":{"loc":{"start":{"line":174,"column":9},"end":{"line":181,"column":null}},"type":"binary-expr","locations":[{"start":{"line":174,"column":9},"end":{"line":174,"column":23}},{"start":{"line":174,"column":23},"end":{"line":174,"column":null}},{"start":{"line":175,"column":10},"end":{"line":181,"column":null}}],"line":174}},"s":{"0":0,"1":0,"2":0,"3":0,"4":0,"5":0,"6":0,"7":0,"8":0,"9":0,"10":0,"11":0,"12":0,"13":0,"14":0,"15":0,"16":0,"17":0,"18":0,"19":0,"20":0,"21":0,"22":0,"23":0,"24":0,"25":0,"26":0,"27":0,"28":0,"29":0,"30":0,"31":0,"32":0,"33":0,"34":0,"35":0,"36":0,"37":0,"38":0,"39":0,"40":0,"41":0,"42":0,"43":0,"44":0,"45":0,"46":0,"47":0,"48":0,"49":0,"50":0,"51":0,"52":0,"53":0,"54":0,"55":0,"56":0,"57":0,"58":0},"f":{"0":0,"1":0,"2":0,"3":0,"4":0,"5":0,"6":0,"7":0,"8":0,"9":0,"10":0,"11":0,"12":0,"13":0,"14":0,"15":0,"16":0},"b":{"0":[0,0],"1":[0,0],"2":[0,0],"3":[0,0],"4":[0,0],"5":[0,0],"6":[0,0],"7":[0,0],"8":[0,0],"9":[0,0,0]},"meta":{"lastBranch":10,"lastFunction":17,"lastStatement":59,"seen":{"s:1:57:1:Infinity":0,"f:15:9:15:25":0,"s:16:38:16:72":1,"s:17:38:17:78":2,"s:18:48:18:63":3,"s:19:18:19:46":4,"s:21:28:42:8":5,"f:21:28:21:41":1,"b:22:4:23:Infinity:undefined:undefined:undefined:undefined":0,"s:22:4:23:Infinity":6,"s:23:6:23:Infinity":7,"s:27:6:28:97":8,"b:27:6:27:Infinity:28:6:28:97":1,"b:30:4:31:Infinity:undefined:undefined:undefined:undefined":2,"s:30:4:31:Infinity":9,"s:31:6:31:Infinity":10,"s:34:21:34:60":11,"s:35:21:35:52":12,"s:36:20:36:Infinity":13,"s:37:20:37:Infinity":14,"s:38:20:38:Infinity":15,"s:39:14:39:Infinity":16,"b:39:24:39:61:39:61:39:Infinity":3,"s:41:4:41:Infinity":17,"s:44:23:49:Infinity":18,"f:44:23:44:Infinity":2,"s:46:6:46:Infinity":19,"s:47:6:47:Infinity":20,"s:52:2:71:Infinity":21,"f:52:2:52:18":3,"b:53:4:55:Infinity:undefined:undefined:undefined:undefined":4,"s:53:4:55:Infinity":22,"s:54:6:54:Infinity":23,"s:55:6:55:Infinity":24,"s:58:21:58:48":25,"b:59:4:61:Infinity:undefined:undefined:undefined:undefined":5,"s:59:4:61:Infinity":26,"s:60:6:60:Infinity":27,"s:61:6:61:Infinity":28,"s:64:4:64:Infinity":29,"s:66:18:68:Infinity":30,"f:66:25:66:53":4,"s:67:6:67:Infinity":31,"s:70:4:70:Infinity":32,"f:70:4:70:17":5,"s:70:17:70:51":33,"s:73:2:84:Infinity":34,"f:73:2:73:18":6,"b:74:4:75:Infinity:undefined:undefined:undefined:undefined":6,"s:74:4:75:Infinity":35,"s:75:6:75:Infinity":36,"s:78:10:79:Infinity":37,"f:78:10:78:31":7,"s:79:6:79:Infinity":38,"s:82:4:82:Infinity":39,"s:83:4:83:Infinity":40,"f:83:4:83:17":8,"s:83:17:83:67":41,"b:86:2:90:Infinity:undefined:undefined:undefined:undefined":7,"s:86:2:90:Infinity":42,"s:87:4:90:Infinity":43,"b:94:2:98:Infinity:undefined:undefined:undefined:undefined":8,"s:94:2:98:Infinity":44,"s:95:4:98:Infinity":45,"s:102:15:102:Infinity":46,"s:103:19:103:41":47,"s:104:32:104:Infinity":48,"s:106:2:184:Infinity":49,"f:113:8:113:28":9,"s:113:28:113:52":50,"f:114:8:114:28":10,"s:115:10:115:Infinity":51,"s:116:10:116:Infinity":52,"f:126:28:126:33":11,"s:127:14:132:Infinity":53,"f:141:30:141:35":12,"s:142:16:147:Infinity":54,"f:151:24:151:29":13,"s:152:14:169:Infinity":55,"f:157:21:157:26":14,"s:158:18:167:Infinity":56,"f:165:20:165:35":15,"s:165:41:165:76":57,"f:166:20:166:30":16,"s:166:36:166:71":58,"b:174:9:174:23:174:23:174:Infinity:175:10:181:Infinity":9}}}
,"/home/seandreassen/dev/sensing-garden-dashboard/src/components/charts/AirPollutionChart.tsx": {"path":"/home/seandreassen/dev/sensing-garden-dashboard/src/components/charts/AirPollutionChart.tsx","statementMap":{"0":{"start":{"line":3,"column":34},"end":{"line":3,"column":null}},"1":{"start":{"line":23,"column":38},"end":{"line":23,"column":50}},"2":{"start":{"line":24,"column":25},"end":{"line":28,"column":null}},"3":{"start":{"line":30,"column":46},"end":{"line":37,"column":4}},"4":{"start":{"line":39,"column":52},"end":{"line":44,"column":4}},"5":{"start":{"line":46,"column":8},"end":{"line":47,"column":null}},"6":{"start":{"line":47,"column":4},"end":{"line":47,"column":null}},"7":{"start":{"line":47,"column":36},"end":{"line":47,"column":80}},"8":{"start":{"line":50,"column":26},"end":{"line":64,"column":12}},"9":{"start":{"line":51,"column":4},"end":{"line":52,"column":null}},"10":{"start":{"line":52,"column":6},"end":{"line":52,"column":null}},"11":{"start":{"line":55,"column":4},"end":{"line":63,"column":null}},"12":{"start":{"line":56,"column":6},"end":{"line":62,"column":null}},"13":{"start":{"line":66,"column":2},"end":{"line":67,"column":null}},"14":{"start":{"line":67,"column":4},"end":{"line":67,"column":null}},"15":{"start":{"line":69,"column":2},"end":{"line":70,"column":null}},"16":{"start":{"line":70,"column":4},"end":{"line":70,"column":null}},"17":{"start":{"line":73,"column":21},"end":{"line":78,"column":null}},"18":{"start":{"line":80,"column":27},"end":{"line":80,"column":62}},"19":{"start":{"line":80,"column":52},"end":{"line":80,"column":62}},"20":{"start":{"line":82,"column":2},"end":{"line":171,"column":null}},"21":{"start":{"line":101,"column":10},"end":{"line":112,"column":null}},"22":{"start":{"line":103,"column":27},"end":{"line":103,"column":57}},"23":{"start":{"line":152,"column":16},"end":{"line":161,"column":null}}},"fnMap":{"0":{"name":"AirPollutionChart","decl":{"start":{"line":22,"column":9},"end":{"line":22,"column":27}},"loc":{"start":{"line":22,"column":69},"end":{"line":171,"column":null}},"line":22},"1":{"name":"(anonymous_1)","decl":{"start":{"line":46,"column":8},"end":{"line":46,"column":27}},"loc":{"start":{"line":46,"column":73},"end":{"line":47,"column":null}},"line":46},"2":{"name":"(anonymous_2)","decl":{"start":{"line":47,"column":4},"end":{"line":47,"column":26}},"loc":{"start":{"line":47,"column":36},"end":{"line":47,"column":80}},"line":47},"3":{"name":"(anonymous_3)","decl":{"start":{"line":50,"column":26},"end":{"line":50,"column":40}},"loc":{"start":{"line":50,"column":40},"end":{"line":64,"column":6}},"line":50},"4":{"name":"(anonymous_4)","decl":{"start":{"line":55,"column":23},"end":{"line":55,"column":28}},"loc":{"start":{"line":55,"column":41},"end":{"line":63,"column":null}},"line":55},"5":{"name":"(anonymous_5)","decl":{"start":{"line":80,"column":38},"end":{"line":80,"column":46}},"loc":{"start":{"line":80,"column":52},"end":{"line":80,"column":62}},"line":80},"6":{"name":"(anonymous_6)","decl":{"start":{"line":100,"column":20},"end":{"line":100,"column":25}},"loc":{"start":{"line":101,"column":10},"end":{"line":112,"column":null}},"line":101},"7":{"name":"(anonymous_7)","decl":{"start":{"line":103,"column":12},"end":{"line":103,"column":27}},"loc":{"start":{"line":103,"column":27},"end":{"line":103,"column":57}},"line":103},"8":{"name":"(anonymous_8)","decl":{"start":{"line":151,"column":32},"end":{"line":151,"column":37}},"loc":{"start":{"line":152,"column":16},"end":{"line":161,"column":null}},"line":152}},"branchMap":{"0":{"loc":{"start":{"line":33,"column":15},"end":{"line":33,"column":null}},"type":"cond-expr","locations":[{"start":{"line":33,"column":21},"end":{"line":33,"column":26}},{"start":{"line":33,"column":29},"end":{"line":33,"column":null}}],"line":33},"1":{"loc":{"start":{"line":51,"column":4},"end":{"line":52,"column":null}},"type":"if","locations":[{"start":{"line":51,"column":4},"end":{"line":52,"column":null}},{"start":{},"end":{}}],"line":51},"2":{"loc":{"start":{"line":66,"column":2},"end":{"line":67,"column":null}},"type":"if","locations":[{"start":{"line":66,"column":2},"end":{"line":67,"column":null}},{"start":{},"end":{}}],"line":66},"3":{"loc":{"start":{"line":69,"column":2},"end":{"line":70,"column":null}},"type":"if","locations":[{"start":{"line":69,"column":2},"end":{"line":70,"column":null}},{"start":{},"end":{}}],"line":69},"4":{"loc":{"start":{"line":69,"column":6},"end":{"line":69,"column":24}},"type":"binary-expr","locations":[{"start":{"line":69,"column":6},"end":{"line":69,"column":17}},{"start":{"line":69,"column":17},"end":{"line":69,"column":24}}],"line":69},"5":{"loc":{"start":{"line":105,"column":14},"end":{"line":107,"column":null}},"type":"cond-expr","locations":[{"start":{"line":106,"column":18},"end":{"line":106,"column":null}},{"start":{"line":107,"column":18},"end":{"line":107,"column":null}}],"line":105},"6":{"loc":{"start":{"line":117,"column":7},"end":{"line":169,"column":null}},"type":"cond-expr","locations":[{"start":{"line":118,"column":8},"end":{"line":167,"column":9}},{"start":{"line":167,"column":8},"end":{"line":169,"column":null}}],"line":117}},"s":{"0":0,"1":0,"2":0,"3":0,"4":0,"5":0,"6":0,"7":0,"8":0,"9":0,"10":0,"11":0,"12":0,"13":0,"14":0,"15":0,"16":0,"17":0,"18":0,"19":0,"20":0,"21":0,"22":0,"23":0},"f":{"0":0,"1":0,"2":0,"3":0,"4":0,"5":0,"6":0,"7":0,"8":0},"b":{"0":[0,0],"1":[0,0],"2":[0,0],"3":[0,0],"4":[0,0],"5":[0,0],"6":[0,0]},"meta":{"lastBranch":7,"lastFunction":9,"lastStatement":24,"seen":{"s:3:34:3:Infinity":0,"f:22:9:22:27":0,"s:23:38:23:50":1,"s:24:25:28:Infinity":2,"s:30:46:37:4":3,"b:33:21:33:26:33:29:33:Infinity":0,"s:39:52:44:4":4,"s:46:8:47:Infinity":5,"f:46:8:46:27":1,"s:47:4:47:Infinity":6,"f:47:4:47:26":2,"s:47:36:47:80":7,"s:50:26:64:12":8,"f:50:26:50:40":3,"b:51:4:52:Infinity:undefined:undefined:undefined:undefined":1,"s:51:4:52:Infinity":9,"s:52:6:52:Infinity":10,"s:55:4:63:Infinity":11,"f:55:23:55:28":4,"s:56:6:62:Infinity":12,"b:66:2:67:Infinity:undefined:undefined:undefined:undefined":2,"s:66:2:67:Infinity":13,"s:67:4:67:Infinity":14,"b:69:2:70:Infinity:undefined:undefined:undefined:undefined":3,"s:69:2:70:Infinity":15,"b:69:6:69:17:69:17:69:24":4,"s:70:4:70:Infinity":16,"s:73:21:78:Infinity":17,"s:80:27:80:62":18,"f:80:38:80:46":5,"s:80:52:80:62":19,"s:82:2:171:Infinity":20,"f:100:20:100:25":6,"s:101:10:112:Infinity":21,"f:103:12:103:27":7,"s:103:27:103:57":22,"b:106:18:106:Infinity:107:18:107:Infinity":5,"b:118:8:167:9:167:8:169:Infinity":6,"f:151:32:151:37":8,"s:152:16:161:Infinity":23}}}
,"/home/seandreassen/dev/sensing-garden-dashboard/src/components/charts/AirQualityIndicesChart.tsx": {"path":"/home/seandreassen/dev/sensing-garden-dashboard/src/components/charts/AirQualityIndicesChart.tsx","statementMap":{"0":{"start":{"line":3,"column":34},"end":{"line":3,"column":null}},"1":{"start":{"line":23,"column":38},"end":{"line":23,"column":50}},"2":{"start":{"line":24,"column":25},"end":{"line":28,"column":null}},"3":{"start":{"line":30,"column":46},"end":{"line":37,"column":4}},"4":{"start":{"line":39,"column":46},"end":{"line":42,"column":4}},"5":{"start":{"line":44,"column":8},"end":{"line":45,"column":null}},"6":{"start":{"line":45,"column":4},"end":{"line":45,"column":null}},"7":{"start":{"line":45,"column":33},"end":{"line":45,"column":69}},"8":{"start":{"line":48,"column":26},"end":{"line":60,"column":12}},"9":{"start":{"line":49,"column":4},"end":{"line":50,"column":null}},"10":{"start":{"line":50,"column":6},"end":{"line":50,"column":null}},"11":{"start":{"line":53,"column":4},"end":{"line":59,"column":null}},"12":{"start":{"line":54,"column":6},"end":{"line":58,"column":null}},"13":{"start":{"line":62,"column":2},"end":{"line":63,"column":null}},"14":{"start":{"line":63,"column":4},"end":{"line":63,"column":null}},"15":{"start":{"line":65,"column":2},"end":{"line":66,"column":null}},"16":{"start":{"line":66,"column":4},"end":{"line":66,"column":null}},"17":{"start":{"line":69,"column":18},"end":{"line":71,"column":null}},"18":{"start":{"line":74,"column":24},"end":{"line":74,"column":56}},"19":{"start":{"line":74,"column":46},"end":{"line":74,"column":56}},"20":{"start":{"line":76,"column":2},"end":{"line":168,"column":null}},"21":{"start":{"line":97,"column":10},"end":{"line":108,"column":null}},"22":{"start":{"line":99,"column":27},"end":{"line":99,"column":49}},"23":{"start":{"line":149,"column":16},"end":{"line":158,"column":null}}},"fnMap":{"0":{"name":"AirQualityIndicesChart","decl":{"start":{"line":22,"column":9},"end":{"line":22,"column":32}},"loc":{"start":{"line":22,"column":79},"end":{"line":168,"column":null}},"line":22},"1":{"name":"(anonymous_1)","decl":{"start":{"line":44,"column":8},"end":{"line":44,"column":23}},"loc":{"start":{"line":44,"column":62},"end":{"line":45,"column":null}},"line":44},"2":{"name":"(anonymous_2)","decl":{"start":{"line":45,"column":4},"end":{"line":45,"column":23}},"loc":{"start":{"line":45,"column":33},"end":{"line":45,"column":69}},"line":45},"3":{"name":"(anonymous_3)","decl":{"start":{"line":48,"column":26},"end":{"line":48,"column":40}},"loc":{"start":{"line":48,"column":40},"end":{"line":60,"column":6}},"line":48},"4":{"name":"(anonymous_4)","decl":{"start":{"line":53,"column":21},"end":{"line":53,"column":26}},"loc":{"start":{"line":53,"column":37},"end":{"line":59,"column":null}},"line":53},"5":{"name":"(anonymous_5)","decl":{"start":{"line":74,"column":32},"end":{"line":74,"column":40}},"loc":{"start":{"line":74,"column":46},"end":{"line":74,"column":56}},"line":74},"6":{"name":"(anonymous_6)","decl":{"start":{"line":96,"column":17},"end":{"line":96,"column":22}},"loc":{"start":{"line":97,"column":10},"end":{"line":108,"column":null}},"line":97},"7":{"name":"(anonymous_7)","decl":{"start":{"line":99,"column":12},"end":{"line":99,"column":27}},"loc":{"start":{"line":99,"column":27},"end":{"line":99,"column":49}},"line":99},"8":{"name":"(anonymous_8)","decl":{"start":{"line":148,"column":29},"end":{"line":148,"column":34}},"loc":{"start":{"line":149,"column":16},"end":{"line":158,"column":null}},"line":149}},"branchMap":{"0":{"loc":{"start":{"line":33,"column":15},"end":{"line":33,"column":null}},"type":"cond-expr","locations":[{"start":{"line":33,"column":21},"end":{"line":33,"column":26}},{"start":{"line":33,"column":29},"end":{"line":33,"column":null}}],"line":33},"1":{"loc":{"start":{"line":49,"column":4},"end":{"line":50,"column":null}},"type":"if","locations":[{"start":{"line":49,"column":4},"end":{"line":50,"column":null}},{"start":{},"end":{}}],"line":49},"2":{"loc":{"start":{"line":62,"column":2},"end":{"line":63,"column":null}},"type":"if","locations":[{"start":{"line":62,"column":2},"end":{"line":63,"column":null}},{"start":{},"end":{}}],"line":62},"3":{"loc":{"start":{"line":65,"column":2},"end":{"line":66,"column":null}},"type":"if","locations":[{"start":{"line":65,"column":2},"end":{"line":66,"column":null}},{"start":{},"end":{}}],"line":65},"4":{"loc":{"start":{"line":65,"column":6},"end":{"line":65,"column":24}},"type":"binary-expr","locations":[{"start":{"line":65,"column":6},"end":{"line":65,"column":17}},{"start":{"line":65,"column":17},"end":{"line":65,"column":24}}],"line":65},"5":{"loc":{"start":{"line":101,"column":14},"end":{"line":103,"column":null}},"type":"cond-expr","locations":[{"start":{"line":102,"column":18},"end":{"line":102,"column":null}},{"start":{"line":103,"column":18},"end":{"line":103,"column":null}}],"line":101},"6":{"loc":{"start":{"line":113,"column":7},"end":{"line":166,"column":null}},"type":"cond-expr","locations":[{"start":{"line":114,"column":8},"end":{"line":164,"column":9}},{"start":{"line":164,"column":8},"end":{"line":166,"column":null}}],"line":113}},"s":{"0":0,"1":0,"2":0,"3":0,"4":0,"5":0,"6":0,"7":0,"8":0,"9":0,"10":0,"11":0,"12":0,"13":0,"14":0,"15":0,"16":0,"17":0,"18":0,"19":0,"20":0,"21":0,"22":0,"23":0},"f":{"0":0,"1":0,"2":0,"3":0,"4":0,"5":0,"6":0,"7":0,"8":0},"b":{"0":[0,0],"1":[0,0],"2":[0,0],"3":[0,0],"4":[0,0],"5":[0,0],"6":[0,0]},"meta":{"lastBranch":7,"lastFunction":9,"lastStatement":24,"seen":{"s:3:34:3:Infinity":0,"f:22:9:22:32":0,"s:23:38:23:50":1,"s:24:25:28:Infinity":2,"s:30:46:37:4":3,"b:33:21:33:26:33:29:33:Infinity":0,"s:39:46:42:4":4,"s:44:8:45:Infinity":5,"f:44:8:44:23":1,"s:45:4:45:Infinity":6,"f:45:4:45:23":2,"s:45:33:45:69":7,"s:48:26:60:12":8,"f:48:26:48:40":3,"b:49:4:50:Infinity:undefined:undefined:undefined:undefined":1,"s:49:4:50:Infinity":9,"s:50:6:50:Infinity":10,"s:53:4:59:Infinity":11,"f:53:21:53:26":4,"s:54:6:58:Infinity":12,"b:62:2:63:Infinity:undefined:undefined:undefined:undefined":2,"s:62:2:63:Infinity":13,"s:63:4:63:Infinity":14,"b:65:2:66:Infinity:undefined:undefined:undefined:undefined":3,"s:65:2:66:Infinity":15,"b:65:6:65:17:65:17:65:24":4,"s:66:4:66:Infinity":16,"s:69:18:71:Infinity":17,"s:74:24:74:56":18,"f:74:32:74:40":5,"s:74:46:74:56":19,"s:76:2:168:Infinity":20,"f:96:17:96:22":6,"s:97:10:108:Infinity":21,"f:99:12:99:27":7,"s:99:27:99:49":22,"b:102:18:102:Infinity:103:18:103:Infinity":5,"b:114:8:164:9:164:8:166:Infinity":6,"f:148:29:148:34":8,"s:149:16:158:Infinity":23}}}
,"/home/seandreassen/dev/sensing-garden-dashboard/src/components/charts/DefaultAnalysisView.tsx": {"path":"/home/seandreassen/dev/sensing-garden-dashboard/src/components/charts/DefaultAnalysisView.tsx","statementMap":{"0":{"start":{"line":1,"column":24},"end":{"line":1,"column":null}},"1":{"start":{"line":12,"column":46},"end":{"line":18,"column":null}},"2":{"start":{"line":21,"column":22},"end":{"line":21,"column":40}},"3":{"start":{"line":23,"column":47},"end":{"line":27,"column":4}},"4":{"start":{"line":29,"column":17},"end":{"line":29,"column":47}},"5":{"start":{"line":30,"column":20},"end":{"line":32,"column":null}},"6":{"start":{"line":31,"column":10},"end":{"line":31,"column":99}},"7":{"start":{"line":35,"column":21},"end":{"line":35,"column":null}},"8":{"start":{"line":36,"column":16},"end":{"line":36,"column":null}},"9":{"start":{"line":38,"column":2},"end":{"line":45,"column":null}}},"fnMap":{"0":{"name":"DefaultAnalysisView","decl":{"start":{"line":20,"column":9},"end":{"line":20,"column":29}},"loc":{"start":{"line":20,"column":69},"end":{"line":45,"column":null}},"line":20},"1":{"name":"(anonymous_1)","decl":{"start":{"line":30,"column":20},"end":{"line":30,"column":null}},"loc":{"start":{"line":31,"column":10},"end":{"line":31,"column":99}},"line":31}},"branchMap":{"0":{"loc":{"start":{"line":25,"column":15},"end":{"line":25,"column":null}},"type":"binary-expr","locations":[{"start":{"line":25,"column":15},"end":{"line":25,"column":36}},{"start":{"line":25,"column":36},"end":{"line":25,"column":null}}],"line":25},"1":{"loc":{"start":{"line":26,"column":13},"end":{"line":26,"column":null}},"type":"binary-expr","locations":[{"start":{"line":26,"column":13},"end":{"line":26,"column":32}},{"start":{"line":26,"column":32},"end":{"line":26,"column":null}}],"line":26},"2":{"loc":{"start":{"line":31,"column":26},"end":{"line":31,"column":54}},"type":"binary-expr","locations":[{"start":{"line":31,"column":26},"end":{"line":31,"column":52}},{"start":{"line":31,"column":52},"end":{"line":31,"column":54}}],"line":31},"3":{"loc":{"start":{"line":35,"column":21},"end":{"line":35,"column":null}},"type":"binary-expr","locations":[{"start":{"line":35,"column":21},"end":{"line":35,"column":54}},{"start":{"line":35,"column":54},"end":{"line":35,"column":null}}],"line":35},"4":{"loc":{"start":{"line":36,"column":16},"end":{"line":36,"column":null}},"type":"binary-expr","locations":[{"start":{"line":36,"column":16},"end":{"line":36,"column":53}},{"start":{"line":36,"column":53},"end":{"line":36,"column":null}}],"line":36},"5":{"loc":{"start":{"line":42,"column":9},"end":{"line":43,"column":null}},"type":"binary-expr","locations":[{"start":{"line":42,"column":9},"end":{"line":42,"column":23}},{"start":{"line":42,"column":23},"end":{"line":43,"column":null}}],"line":42}},"s":{"0":0,"1":0,"2":0,"3":0,"4":0,"5":0,"6":0,"7":0,"8":0,"9":0},"f":{"0":0,"1":0},"b":{"0":[0,0],"1":[0,0],"2":[0,0],"3":[0,0],"4":[0,0],"5":[0,0]},"meta":{"lastBranch":6,"lastFunction":2,"lastStatement":10,"seen":{"s:1:24:1:Infinity":0,"s:12:46:18:Infinity":1,"f:20:9:20:29":0,"s:21:22:21:40":2,"s:23:47:27:4":3,"b:25:15:25:36:25:36:25:Infinity":0,"b:26:13:26:32:26:32:26:Infinity":1,"s:29:17:29:47":4,"s:30:20:32:Infinity":5,"f:30:20:30:Infinity":1,"s:31:10:31:99":6,"b:31:26:31:52:31:52:31:54":2,"s:35:21:35:Infinity":7,"b:35:21:35:54:35:54:35:Infinity":3,"s:36:16:36:Infinity":8,"b:36:16:36:53:36:53:36:Infinity":4,"s:38:2:45:Infinity":9,"b:42:9:42:23:42:23:43:Infinity":5}}}
,"/home/seandreassen/dev/sensing-garden-dashboard/src/components/charts/DetectionsOverTime.tsx": {"path":"/home/seandreassen/dev/sensing-garden-dashboard/src/components/charts/DetectionsOverTime.tsx","statementMap":{"0":{"start":{"line":20,"column":2},"end":{"line":22,"column":null}},"1":{"start":{"line":21,"column":21},"end":{"line":21,"column":37}},"2":{"start":{"line":22,"column":4},"end":{"line":22,"column":null}},"3":{"start":{"line":24,"column":16},"end":{"line":24,"column":32}},"4":{"start":{"line":25,"column":2},"end":{"line":26,"column":null}},"5":{"start":{"line":26,"column":4},"end":{"line":26,"column":null}},"6":{"start":{"line":28,"column":2},"end":{"line":28,"column":null}},"7":{"start":{"line":32,"column":82},"end":{"line":32,"column":94}},"8":{"start":{"line":33,"column":25},"end":{"line":37,"column":null}},"9":{"start":{"line":39,"column":30},"end":{"line":49,"column":4}},"10":{"start":{"line":51,"column":2},"end":{"line":55,"column":null}},"11":{"start":{"line":52,"column":4},"end":{"line":55,"column":null}},"12":{"start":{"line":59,"column":2},"end":{"line":63,"column":null}},"13":{"start":{"line":60,"column":4},"end":{"line":63,"column":null}},"14":{"start":{"line":67,"column":2},"end":{"line":122,"column":null}},"15":{"start":{"line":70,"column":49},"end":{"line":73,"column":11}},"16":{"start":{"line":106,"column":24},"end":{"line":106,"column":37}},"17":{"start":{"line":107,"column":12},"end":{"line":108,"column":null}},"18":{"start":{"line":108,"column":14},"end":{"line":108,"column":null}},"19":{"start":{"line":110,"column":12},"end":{"line":110,"column":null}}},"fnMap":{"0":{"name":"formatXLabel","decl":{"start":{"line":19,"column":9},"end":{"line":19,"column":22}},"loc":{"start":{"line":19,"column":45},"end":{"line":28,"column":null}},"line":19},"1":{"name":"DetectionsOverTime","decl":{"start":{"line":31,"column":9},"end":{"line":31,"column":28}},"loc":{"start":{"line":31,"column":71},"end":{"line":122,"column":null}},"line":31},"2":{"name":"(anonymous_2)","decl":{"start":{"line":70,"column":26},"end":{"line":70,"column":31}},"loc":{"start":{"line":70,"column":49},"end":{"line":73,"column":11}},"line":70},"3":{"name":"(anonymous_3)","decl":{"start":{"line":105,"column":10},"end":{"line":105,"column":27}},"loc":{"start":{"line":105,"column":37},"end":{"line":110,"column":null}},"line":105}},"branchMap":{"0":{"loc":{"start":{"line":20,"column":2},"end":{"line":22,"column":null}},"type":"if","locations":[{"start":{"line":20,"column":2},"end":{"line":22,"column":null}},{"start":{},"end":{}}],"line":20},"1":{"loc":{"start":{"line":22,"column":11},"end":{"line":22,"column":null}},"type":"binary-expr","locations":[{"start":{"line":22,"column":11},"end":{"line":22,"column":19}},{"start":{"line":22,"column":19},"end":{"line":22,"column":null}}],"line":22},"2":{"loc":{"start":{"line":25,"column":2},"end":{"line":26,"column":null}},"type":"if","locations":[{"start":{"line":25,"column":2},"end":{"line":26,"column":null}},{"start":{},"end":{}}],"line":25},"3":{"loc":{"start":{"line":42,"column":15},"end":{"line":42,"column":null}},"type":"cond-expr","locations":[{"start":{"line":42,"column":21},"end":{"line":42,"column":26}},{"start":{"line":42,"column":29},"end":{"line":42,"column":null}}],"line":42},"4":{"loc":{"start":{"line":51,"column":2},"end":{"line":55,"column":null}},"type":"if","locations":[{"start":{"line":51,"column":2},"end":{"line":55,"column":null}},{"start":{},"end":{}}],"line":51},"5":{"loc":{"start":{"line":59,"column":2},"end":{"line":63,"column":null}},"type":"if","locations":[{"start":{"line":59,"column":2},"end":{"line":63,"column":null}},{"start":{},"end":{}}],"line":59},"6":{"loc":{"start":{"line":59,"column":6},"end":{"line":59,"column":41}},"type":"binary-expr","locations":[{"start":{"line":59,"column":6},"end":{"line":59,"column":15}},{"start":{"line":59,"column":15},"end":{"line":59,"column":41}}],"line":59},"7":{"loc":{"start":{"line":107,"column":12},"end":{"line":108,"column":null}},"type":"if","locations":[{"start":{"line":107,"column":12},"end":{"line":108,"column":null}},{"start":{},"end":{}}],"line":107}},"s":{"0":0,"1":0,"2":0,"3":0,"4":0,"5":0,"6":0,"7":0,"8":0,"9":0,"10":0,"11":0,"12":0,"13":0,"14":0,"15":0,"16":0,"17":0,"18":0,"19":0},"f":{"0":0,"1":0,"2":0,"3":0},"b":{"0":[0,0],"1":[0,0],"2":[0,0],"3":[0,0],"4":[0,0],"5":[0,0],"6":[0,0],"7":[0,0]},"meta":{"lastBranch":8,"lastFunction":4,"lastStatement":20,"seen":{"f:19:9:19:22":0,"b:20:2:22:Infinity:undefined:undefined:undefined:undefined":0,"s:20:2:22:Infinity":0,"s:21:21:21:37":1,"s:22:4:22:Infinity":2,"b:22:11:22:19:22:19:22:Infinity":1,"s:24:16:24:32":3,"b:25:2:26:Infinity:undefined:undefined:undefined:undefined":2,"s:25:2:26:Infinity":4,"s:26:4:26:Infinity":5,"s:28:2:28:Infinity":6,"f:31:9:31:28":1,"s:32:82:32:94":7,"s:33:25:37:Infinity":8,"s:39:30:49:4":9,"b:42:21:42:26:42:29:42:Infinity":3,"b:51:2:55:Infinity:undefined:undefined:undefined:undefined":4,"s:51:2:55:Infinity":10,"s:52:4:55:Infinity":11,"b:59:2:63:Infinity:undefined:undefined:undefined:undefined":5,"s:59:2:63:Infinity":12,"b:59:6:59:15:59:15:59:41":6,"s:60:4:63:Infinity":13,"s:67:2:122:Infinity":14,"f:70:26:70:31":2,"s:70:49:73:11":15,"f:105:10:105:27":3,"s:106:24:106:37":16,"b:107:12:108:Infinity:undefined:undefined:undefined:undefined":7,"s:107:12:108:Infinity":17,"s:108:14:108:Infinity":18,"s:110:12:110:Infinity":19}}}
,"/home/seandreassen/dev/sensing-garden-dashboard/src/components/charts/EnvironmentalConditionsChart.tsx": {"path":"/home/seandreassen/dev/sensing-garden-dashboard/src/components/charts/EnvironmentalConditionsChart.tsx","statementMap":{"0":{"start":{"line":3,"column":34},"end":{"line":3,"column":null}},"1":{"start":{"line":23,"column":38},"end":{"line":23,"column":50}},"2":{"start":{"line":24,"column":25},"end":{"line":28,"column":null}},"3":{"start":{"line":30,"column":46},"end":{"line":37,"column":4}},"4":{"start":{"line":39,"column":46},"end":{"line":42,"column":4}},"5":{"start":{"line":44,"column":8},"end":{"line":45,"column":null}},"6":{"start":{"line":45,"column":4},"end":{"line":45,"column":null}},"7":{"start":{"line":45,"column":33},"end":{"line":45,"column":71}},"8":{"start":{"line":48,"column":26},"end":{"line":60,"column":12}},"9":{"start":{"line":49,"column":4},"end":{"line":50,"column":null}},"10":{"start":{"line":50,"column":6},"end":{"line":50,"column":null}},"11":{"start":{"line":53,"column":4},"end":{"line":59,"column":null}},"12":{"start":{"line":54,"column":6},"end":{"line":58,"column":null}},"13":{"start":{"line":62,"column":2},"end":{"line":63,"column":null}},"14":{"start":{"line":63,"column":4},"end":{"line":63,"column":null}},"15":{"start":{"line":65,"column":2},"end":{"line":66,"column":null}},"16":{"start":{"line":66,"column":4},"end":{"line":66,"column":null}},"17":{"start":{"line":69,"column":18},"end":{"line":85,"column":null}},"18":{"start":{"line":88,"column":24},"end":{"line":88,"column":56}},"19":{"start":{"line":88,"column":46},"end":{"line":88,"column":56}},"20":{"start":{"line":90,"column":2},"end":{"line":198,"column":null}},"21":{"start":{"line":109,"column":23},"end":{"line":109,"column":null}},"22":{"start":{"line":110,"column":10},"end":{"line":122,"column":null}},"23":{"start":{"line":113,"column":29},"end":{"line":113,"column":53}},"24":{"start":{"line":178,"column":16},"end":{"line":188,"column":null}}},"fnMap":{"0":{"name":"EnvironmentalConditionsChart","decl":{"start":{"line":22,"column":9},"end":{"line":22,"column":38}},"loc":{"start":{"line":22,"column":91},"end":{"line":198,"column":null}},"line":22},"1":{"name":"(anonymous_1)","decl":{"start":{"line":44,"column":8},"end":{"line":44,"column":24}},"loc":{"start":{"line":44,"column":64},"end":{"line":45,"column":null}},"line":44},"2":{"name":"(anonymous_2)","decl":{"start":{"line":45,"column":4},"end":{"line":45,"column":23}},"loc":{"start":{"line":45,"column":33},"end":{"line":45,"column":71}},"line":45},"3":{"name":"(anonymous_3)","decl":{"start":{"line":48,"column":26},"end":{"line":48,"column":40}},"loc":{"start":{"line":48,"column":40},"end":{"line":60,"column":6}},"line":48},"4":{"name":"(anonymous_4)","decl":{"start":{"line":53,"column":29},"end":{"line":53,"column":34}},"loc":{"start":{"line":53,"column":53},"end":{"line":59,"column":null}},"line":53},"5":{"name":"(anonymous_5)","decl":{"start":{"line":88,"column":32},"end":{"line":88,"column":40}},"loc":{"start":{"line":88,"column":46},"end":{"line":88,"column":56}},"line":88},"6":{"name":"(anonymous_6)","decl":{"start":{"line":108,"column":17},"end":{"line":108,"column":22}},"loc":{"start":{"line":108,"column":33},"end":{"line":124,"column":null}},"line":108},"7":{"name":"(anonymous_7)","decl":{"start":{"line":113,"column":14},"end":{"line":113,"column":29}},"loc":{"start":{"line":113,"column":29},"end":{"line":113,"column":53}},"line":113},"8":{"name":"(anonymous_8)","decl":{"start":{"line":177,"column":29},"end":{"line":177,"column":34}},"loc":{"start":{"line":178,"column":16},"end":{"line":188,"column":null}},"line":178}},"branchMap":{"0":{"loc":{"start":{"line":33,"column":15},"end":{"line":33,"column":null}},"type":"cond-expr","locations":[{"start":{"line":33,"column":21},"end":{"line":33,"column":26}},{"start":{"line":33,"column":29},"end":{"line":33,"column":null}}],"line":33},"1":{"loc":{"start":{"line":49,"column":4},"end":{"line":50,"column":null}},"type":"if","locations":[{"start":{"line":49,"column":4},"end":{"line":50,"column":null}},{"start":{},"end":{}}],"line":49},"2":{"loc":{"start":{"line":62,"column":2},"end":{"line":63,"column":null}},"type":"if","locations":[{"start":{"line":62,"column":2},"end":{"line":63,"column":null}},{"start":{},"end":{}}],"line":62},"3":{"loc":{"start":{"line":65,"column":2},"end":{"line":66,"column":null}},"type":"if","locations":[{"start":{"line":65,"column":2},"end":{"line":66,"column":null}},{"start":{},"end":{}}],"line":65},"4":{"loc":{"start":{"line":65,"column":6},"end":{"line":65,"column":24}},"type":"binary-expr","locations":[{"start":{"line":65,"column":6},"end":{"line":65,"column":17}},{"start":{"line":65,"column":17},"end":{"line":65,"column":24}}],"line":65},"5":{"loc":{"start":{"line":115,"column":16},"end":{"line":117,"column":null}},"type":"cond-expr","locations":[{"start":{"line":116,"column":20},"end":{"line":116,"column":null}},{"start":{"line":117,"column":20},"end":{"line":117,"column":null}}],"line":115},"6":{"loc":{"start":{"line":128,"column":7},"end":{"line":196,"column":null}},"type":"cond-expr","locations":[{"start":{"line":129,"column":8},"end":{"line":194,"column":9}},{"start":{"line":194,"column":8},"end":{"line":196,"column":null}}],"line":128},"7":{"loc":{"start":{"line":180,"column":27},"end":{"line":180,"column":null}},"type":"cond-expr","locations":[{"start":{"line":180,"column":58},"end":{"line":180,"column":67}},{"start":{"line":180,"column":67},"end":{"line":180,"column":null}}],"line":180}},"s":{"0":0,"1":0,"2":0,"3":0,"4":0,"5":0,"6":0,"7":0,"8":0,"9":0,"10":0,"11":0,"12":0,"13":0,"14":0,"15":0,"16":0,"17":0,"18":0,"19":0,"20":0,"21":0,"22":0,"23":0,"24":0},"f":{"0":0,"1":0,"2":0,"3":0,"4":0,"5":0,"6":0,"7":0,"8":0},"b":{"0":[0,0],"1":[0,0],"2":[0,0],"3":[0,0],"4":[0,0],"5":[0,0],"6":[0,0],"7":[0,0]},"meta":{"lastBranch":8,"lastFunction":9,"lastStatement":25,"seen":{"s:3:34:3:Infinity":0,"f:22:9:22:38":0,"s:23:38:23:50":1,"s:24:25:28:Infinity":2,"s:30:46:37:4":3,"b:33:21:33:26:33:29:33:Infinity":0,"s:39:46:42:4":4,"s:44:8:45:Infinity":5,"f:44:8:44:24":1,"s:45:4:45:Infinity":6,"f:45:4:45:23":2,"s:45:33:45:71":7,"s:48:26:60:12":8,"f:48:26:48:40":3,"b:49:4:50:Infinity:undefined:undefined:undefined:undefined":1,"s:49:4:50:Infinity":9,"s:50:6:50:Infinity":10,"s:53:4:59:Infinity":11,"f:53:29:53:34":4,"s:54:6:58:Infinity":12,"b:62:2:63:Infinity:undefined:undefined:undefined:undefined":2,"s:62:2:63:Infinity":13,"s:63:4:63:Infinity":14,"b:65:2:66:Infinity:undefined:undefined:undefined:undefined":3,"s:65:2:66:Infinity":15,"b:65:6:65:17:65:17:65:24":4,"s:66:4:66:Infinity":16,"s:69:18:85:Infinity":17,"s:88:24:88:56":18,"f:88:32:88:40":5,"s:88:46:88:56":19,"s:90:2:198:Infinity":20,"f:108:17:108:22":6,"s:109:23:109:Infinity":21,"s:110:10:122:Infinity":22,"f:113:14:113:29":7,"s:113:29:113:53":23,"b:116:20:116:Infinity:117:20:117:Infinity":5,"b:129:8:194:9:194:8:196:Infinity":6,"f:177:29:177:34":8,"s:178:16:188:Infinity":24,"b:180:58:180:67:180:67:180:Infinity":7}}}
,"/home/seandreassen/dev/sensing-garden-dashboard/src/components/charts/TopTaxa.tsx": {"path":"/home/seandreassen/dev/sensing-garden-dashboard/src/components/charts/TopTaxa.tsx","statementMap":{"0":{"start":{"line":19,"column":19},"end":{"line":25,"column":null}},"1":{"start":{"line":28,"column":82},"end":{"line":28,"column":94}},"2":{"start":{"line":29,"column":30},"end":{"line":38,"column":4}},"3":{"start":{"line":40,"column":2},"end":{"line":46,"column":null}},"4":{"start":{"line":41,"column":4},"end":{"line":46,"column":null}},"5":{"start":{"line":50,"column":2},"end":{"line":58,"column":null}},"6":{"start":{"line":51,"column":4},"end":{"line":58,"column":null}},"7":{"start":{"line":62,"column":2},"end":{"line":102,"column":null}},"8":{"start":{"line":97,"column":14},"end":{"line":97,"column":null}}},"fnMap":{"0":{"name":"TopTaxa","decl":{"start":{"line":27,"column":9},"end":{"line":27,"column":17}},"loc":{"start":{"line":27,"column":49},"end":{"line":102,"column":null}},"line":27},"1":{"name":"(anonymous_1)","decl":{"start":{"line":96,"column":25},"end":{"line":96,"column":30}},"loc":{"start":{"line":97,"column":14},"end":{"line":97,"column":null}},"line":97}},"branchMap":{"0":{"loc":{"start":{"line":32,"column":15},"end":{"line":32,"column":null}},"type":"cond-expr","locations":[{"start":{"line":32,"column":21},"end":{"line":32,"column":26}},{"start":{"line":32,"column":29},"end":{"line":32,"column":null}}],"line":32},"1":{"loc":{"start":{"line":40,"column":2},"end":{"line":46,"column":null}},"type":"if","locations":[{"start":{"line":40,"column":2},"end":{"line":46,"column":null}},{"start":{},"end":{}}],"line":40},"2":{"loc":{"start":{"line":50,"column":2},"end":{"line":58,"column":null}},"type":"if","locations":[{"start":{"line":50,"column":2},"end":{"line":58,"column":null}},{"start":{},"end":{}}],"line":50},"3":{"loc":{"start":{"line":50,"column":6},"end":{"line":50,"column":41}},"type":"binary-expr","locations":[{"start":{"line":50,"column":6},"end":{"line":50,"column":15}},{"start":{"line":50,"column":15},"end":{"line":50,"column":41}}],"line":50}},"s":{"0":0,"1":0,"2":0,"3":0,"4":0,"5":0,"6":0,"7":0,"8":0},"f":{"0":0,"1":0},"b":{"0":[0,0],"1":[0,0],"2":[0,0],"3":[0,0]},"meta":{"lastBranch":4,"lastFunction":2,"lastStatement":9,"seen":{"s:19:19:25:Infinity":0,"f:27:9:27:17":0,"s:28:82:28:94":1,"s:29:30:38:4":2,"b:32:21:32:26:32:29:32:Infinity":0,"b:40:2:46:Infinity:undefined:undefined:undefined:undefined":1,"s:40:2:46:Infinity":3,"s:41:4:46:Infinity":4,"b:50:2:58:Infinity:undefined:undefined:undefined:undefined":2,"s:50:2:58:Infinity":5,"b:50:6:50:15:50:15:50:41":3,"s:51:4:58:Infinity":6,"s:62:2:102:Infinity":7,"f:96:25:96:30":1,"s:97:14:97:Infinity":8}}}
,"/home/seandreassen/dev/sensing-garden-dashboard/src/components/charts/activityHeatmapColors.ts": {"path":"/home/seandreassen/dev/sensing-garden-dashboard/src/components/charts/activityHeatmapColors.ts","statementMap":{"0":{"start":{"line":3,"column":87},"end":{"line":16,"column":null}},"1":{"start":{"line":18,"column":26},"end":{"line":18,"column":null}},"2":{"start":{"line":21,"column":2},"end":{"line":21,"column":null}},"3":{"start":{"line":25,"column":2},"end":{"line":26,"column":null}},"4":{"start":{"line":26,"column":4},"end":{"line":26,"column":null}},"5":{"start":{"line":29,"column":16},"end":{"line":29,"column":37}},"6":{"start":{"line":30,"column":16},"end":{"line":30,"column":null}},"7":{"start":{"line":31,"column":2},"end":{"line":31,"column":null}},"8":{"start":{"line":35,"column":2},"end":{"line":36,"column":null}},"9":{"start":{"line":36,"column":4},"end":{"line":36,"column":null}},"10":{"start":{"line":39,"column":2},"end":{"line":39,"column":null}},"11":{"start":{"line":43,"column":2},"end":{"line":44,"column":null}},"12":{"start":{"line":44,"column":4},"end":{"line":44,"column":null}},"13":{"start":{"line":47,"column":17},"end":{"line":47,"column":null}},"14":{"start":{"line":49,"column":2},"end":{"line":52,"column":null}},"15":{"start":{"line":50,"column":4},"end":{"line":52,"column":null}},"16":{"start":{"line":51,"column":6},"end":{"line":52,"column":null}},"17":{"start":{"line":52,"column":8},"end":{"line":52,"column":null}},"18":{"start":{"line":57,"column":2},"end":{"line":57,"column":null}}},"fnMap":{"0":{"name":"getModeCopy","decl":{"start":{"line":20,"column":9},"end":{"line":20,"column":21}},"loc":{"start":{"line":20,"column":40},"end":{"line":21,"column":null}},"line":20},"1":{"name":"cellColorFromRatio","decl":{"start":{"line":24,"column":9},"end":{"line":24,"column":28}},"loc":{"start":{"line":24,"column":51},"end":{"line":31,"column":null}},"line":24},"2":{"name":"cellColor","decl":{"start":{"line":34,"column":9},"end":{"line":34,"column":19}},"loc":{"start":{"line":34,"column":55},"end":{"line":39,"column":null}},"line":34},"3":{"name":"findDefaultCell","decl":{"start":{"line":42,"column":9},"end":{"line":42,"column":25}},"loc":{"start":{"line":42,"column":69},"end":{"line":57,"column":null}},"line":42}},"branchMap":{"0":{"loc":{"start":{"line":25,"column":2},"end":{"line":26,"column":null}},"type":"if","locations":[{"start":{"line":25,"column":2},"end":{"line":26,"column":null}},{"start":{},"end":{}}],"line":25},"1":{"loc":{"start":{"line":35,"column":2},"end":{"line":36,"column":null}},"type":"if","locations":[{"start":{"line":35,"column":2},"end":{"line":36,"column":null}},{"start":{},"end":{}}],"line":35},"2":{"loc":{"start":{"line":35,"column":6},"end":{"line":35,"column":32}},"type":"binary-expr","locations":[{"start":{"line":35,"column":6},"end":{"line":35,"column":19}},{"start":{"line":35,"column":19},"end":{"line":35,"column":32}}],"line":35},"3":{"loc":{"start":{"line":43,"column":2},"end":{"line":44,"column":null}},"type":"if","locations":[{"start":{"line":43,"column":2},"end":{"line":44,"column":null}},{"start":{},"end":{}}],"line":43},"4":{"loc":{"start":{"line":47,"column":17},"end":{"line":47,"column":null}},"type":"binary-expr","locations":[{"start":{"line":47,"column":17},"end":{"line":47,"column":34}},{"start":{"line":47,"column":34},"end":{"line":47,"column":null}}],"line":47},"5":{"loc":{"start":{"line":51,"column":6},"end":{"line":52,"column":null}},"type":"if","locations":[{"start":{"line":51,"column":6},"end":{"line":52,"column":null}},{"start":{},"end":{}}],"line":51},"6":{"loc":{"start":{"line":51,"column":10},"end":{"line":51,"column":52}},"type":"binary-expr","locations":[{"start":{"line":51,"column":10},"end":{"line":51,"column":23}},{"start":{"line":51,"column":23},"end":{"line":51,"column":52}}],"line":51}},"s":{"0":0,"1":0,"2":0,"3":0,"4":0,"5":0,"6":0,"7":0,"8":0,"9":0,"10":0,"11":0,"12":0,"13":0,"14":0,"15":0,"16":0,"17":0,"18":0},"f":{"0":0,"1":0,"2":0,"3":0},"b":{"0":[0,0],"1":[0,0],"2":[0,0],"3":[0,0],"4":[0,0],"5":[0,0],"6":[0,0]},"meta":{"lastBranch":7,"lastFunction":4,"lastStatement":19,"seen":{"s:3:87:16:Infinity":0,"s:18:26:18:Infinity":1,"f:20:9:20:21":0,"s:21:2:21:Infinity":2,"f:24:9:24:28":1,"b:25:2:26:Infinity:undefined:undefined:undefined:undefined":0,"s:25:2:26:Infinity":3,"s:26:4:26:Infinity":4,"s:29:16:29:37":5,"s:30:16:30:Infinity":6,"s:31:2:31:Infinity":7,"f:34:9:34:19":2,"b:35:2:36:Infinity:undefined:undefined:undefined:undefined":1,"s:35:2:36:Infinity":8,"b:35:6:35:19:35:19:35:32":2,"s:36:4:36:Infinity":9,"s:39:2:39:Infinity":10,"f:42:9:42:25":3,"b:43:2:44:Infinity:undefined:undefined:undefined:undefined":3,"s:43:2:44:Infinity":11,"s:44:4:44:Infinity":12,"s:47:17:47:Infinity":13,"b:47:17:47:34:47:34:47:Infinity":4,"s:49:2:52:Infinity":14,"s:50:4:52:Infinity":15,"b:51:6:52:Infinity:undefined:undefined:undefined:undefined":5,"s:51:6:52:Infinity":16,"b:51:10:51:23:51:23:51:52":6,"s:52:8:52:Infinity":17,"s:57:2:57:Infinity":18}}}
,"/home/seandreassen/dev/sensing-garden-dashboard/src/components/charts/activityHeatmapParts.tsx": {"path":"/home/seandreassen/dev/sensing-garden-dashboard/src/components/charts/activityHeatmapParts.tsx","statementMap":{"0":{"start":{"line":16,"column":19},"end":{"line":16,"column":36}},"1":{"start":{"line":18,"column":2},"end":{"line":52,"column":null}},"2":{"start":{"line":39,"column":12},"end":{"line":46,"column":null}},"3":{"start":{"line":69,"column":20},"end":{"line":69,"column":null}},"4":{"start":{"line":71,"column":2},"end":{"line":113,"column":null}}},"fnMap":{"0":{"name":"HeatmapHeader","decl":{"start":{"line":7,"column":9},"end":{"line":7,"column":23}},"loc":{"start":{"line":15,"column":3},"end":{"line":52,"column":null}},"line":15},"1":{"name":"(anonymous_1)","decl":{"start":{"line":38,"column":35},"end":{"line":38,"column":40}},"loc":{"start":{"line":39,"column":12},"end":{"line":46,"column":null}},"line":39},"2":{"name":"CellTooltip","decl":{"start":{"line":56,"column":9},"end":{"line":56,"column":21}},"loc":{"start":{"line":68,"column":3},"end":{"line":113,"column":null}},"line":68}},"branchMap":{"0":{"loc":{"start":{"line":76,"column":12},"end":{"line":76,"column":68}},"type":"cond-expr","locations":[{"start":{"line":76,"column":22},"end":{"line":76,"column":32}},{"start":{"line":76,"column":35},"end":{"line":76,"column":68}}],"line":76},"1":{"loc":{"start":{"line":83,"column":7},"end":{"line":105,"column":null}},"type":"binary-expr","locations":[{"start":{"line":83,"column":7},"end":{"line":83,"column":null}},{"start":{"line":84,"column":8},"end":{"line":105,"column":null}}],"line":83},"2":{"loc":{"start":{"line":89,"column":43},"end":{"line":89,"column":100}},"type":"cond-expr","locations":[{"start":{"line":89,"column":69},"end":{"line":89,"column":88}},{"start":{"line":89,"column":88},"end":{"line":89,"column":100}}],"line":89},"3":{"loc":{"start":{"line":96,"column":15},"end":{"line":96,"column":null}},"type":"cond-expr","locations":[{"start":{"line":96,"column":45},"end":{"line":96,"column":67}},{"start":{"line":96,"column":67},"end":{"line":96,"column":null}}],"line":96},"4":{"loc":{"start":{"line":103,"column":43},"end":{"line":103,"column":91}},"type":"cond-expr","locations":[{"start":{"line":103,"column":68},"end":{"line":103,"column":79}},{"start":{"line":103,"column":79},"end":{"line":103,"column":91}}],"line":103},"5":{"loc":{"start":{"line":108,"column":35},"end":{"line":108,"column":null}},"type":"cond-expr","locations":[{"start":{"line":108,"column":45},"end":{"line":108,"column":72}},{"start":{"line":108,"column":72},"end":{"line":108,"column":null}}],"line":108},"6":{"loc":{"start":{"line":111,"column":35},"end":{"line":111,"column":null}},"type":"cond-expr","locations":[{"start":{"line":111,"column":45},"end":{"line":111,"column":75}},{"start":{"line":111,"column":75},"end":{"line":111,"column":null}}],"line":111}},"s":{"0":0,"1":0,"2":0,"3":0,"4":0},"f
[...]
n":18},"end":{"line":28,"column":null}},"17":{"start":{"line":29,"column":20},"end":{"line":29,"column":37}},"18":{"start":{"line":31,"column":8},"end":{"line":38,"column":null}},"19":{"start":{"line":32,"column":10},"end":{"line":38,"column":null}},"20":{"start":{"line":33,"column":25},"end":{"line":33,"column":null}},"21":{"start":{"line":34,"column":12},"end":{"line":35,"column":null}},"22":{"start":{"line":35,"column":14},"end":{"line":35,"column":null}},"23":{"start":{"line":37,"column":12},"end":{"line":37,"column":null}},"24":{"start":{"line":41,"column":21},"end":{"line":41,"column":null}},"25":{"start":{"line":42,"column":8},"end":{"line":44,"column":null}},"26":{"start":{"line":43,"column":10},"end":{"line":43,"column":null}},"27":{"start":{"line":44,"column":10},"end":{"line":44,"column":null}},"28":{"start":{"line":47,"column":8},"end":{"line":47,"column":null}},"29":{"start":{"line":51,"column":4},"end":{"line":51,"column":null}},"30":{"start":{"line":52,"column":4},"end":{"line":52,"column":null}},"31":{"start":{"line":52,"column":17},"end":{"line":52,"column":59}},"32":{"start":{"line":55,"column":2},"end":{"line":55,"column":null}}},"fnMap":{"0":{"name":"useScrollDirection","decl":{"start":{"line":7,"column":9},"end":{"line":7,"column":30}},"loc":{"start":{"line":7,"column":30},"end":{"line":55,"column":null}},"line":7},"1":{"name":"(anonymous_1)","decl":{"start":{"line":13,"column":2},"end":{"line":13,"column":18}},"loc":{"start":{"line":13,"column":18},"end":{"line":53,"column":7}},"line":13},"2":{"name":"(anonymous_2)","decl":{"start":{"line":21,"column":10},"end":{"line":21,"column":27}},"loc":{"start":{"line":21,"column":27},"end":{"line":48,"column":null}},"line":21},"3":{"name":"(anonymous_3)","decl":{"start":{"line":27,"column":6},"end":{"line":27,"column":34}},"loc":{"start":{"line":27,"column":34},"end":{"line":48,"column":null}},"line":27},"4":{"name":"(anonymous_4)","decl":{"start":{"line":32,"column":10},"end":{"line":32,"column":23}},"loc":{"start":{"line":32,"column":32},"end":{"line":38,"column":null}},"line":32},"5":{"name":"(anonymous_5)","decl":{"start":{"line":52,"column":4},"end":{"line":52,"column":17}},"loc":{"start":{"line":52,"column":17},"end":{"line":52,"column":59}},"line":52}},"branchMap":{"0":{"loc":{"start":{"line":15,"column":4},"end":{"line":16,"column":null}},"type":"if","locations":[{"start":{"line":15,"column":4},"end":{"line":16,"column":null}},{"start":{},"end":{}}],"line":15},"1":{"loc":{"start":{"line":22,"column":6},"end":{"line":23,"column":null}},"type":"if","locations":[{"start":{"line":22,"column":6},"end":{"line":23,"column":null}},{"start":{},"end":{}}],"line":22},"2":{"loc":{"start":{"line":31,"column":8},"end":{"line":38,"column":null}},"type":"if","locations":[{"start":{"line":31,"column":8},"end":{"line":38,"column":null}},{"start":{},"end":{}}],"line":31},"3":{"loc":{"start":{"line":34,"column":12},"end":{"line":35,"column":null}},"type":"if","locations":[{"start":{"line":34,"column":12},"end":{"line":35,"column":null}},{"start":{},"end":{}}],"line":34},"4":{"loc":{"start":{"line":42,"column":8},"end":{"line":44,"column":null}},"type":"if","locations":[{"start":{"line":42,"column":8},"end":{"line":44,"column":null}},{"start":{},"end":{}}],"line":42},"5":{"loc":{"start":{"line":43,"column":23},"end":{"line":43,"column":48}},"type":"cond-expr","locations":[{"start":{"line":43,"column":34},"end":{"line":43,"column":43}},{"start":{"line":43,"column":43},"end":{"line":43,"column":48}}],"line":43}},"s":{"0":0,"1":0,"2":0,"3":0,"4":0,"5":0,"6":0,"7":0,"8":0,"9":0,"10":0,"11":0,"12":0,"13":0,"14":0,"15":0,"16":0,"17":0,"18":0,"19":0,"20":0,"21":0,"22":0,"23":0,"24":0,"25":0,"26":0,"27":0,"28":0,"29":0,"30":0,"31":0,"32":0},"f":{"0":0,"1":0,"2":0,"3":0,"4":0,"5":0},"b":{"0":[0,0],"1":[0,0],"2":[0,0],"3":[0,0],"4":[0,0],"5":[0,0]},"meta":{"lastBranch":6,"lastFunction":6,"lastStatement":33,"seen":{"s:1:44:1:Infinity":0,"s:5:16:5:Infinity":1,"f:7:9:7:30":0,"s:8:36:8:67":2,"s:9:34:9:49":3,"s:10:16:10:25":4,"s:11:22:11:31":5,"s:13:2:53:Infinity":6,"f:13:2:13:18":1,"s:14:15:14:Infinity":7,"b:15:4:16:Infinity:undefined:undefined:undefined:undefined":0,"s:15:4:16:Infinity":8,"s:16:6:16:Infinity":9,"s:19:18:19:Infinity":10,"s:21:10:48:Infinity":11,"f:21:10:21:27":2,"b:22:6:23:Infinity:undefined:undefined:undefined:undefined":1,"s:22:6:23:Infinity":12,"s:23:8:23:Infinity":13,"s:25:6:25:Infinity":14,"s:27:6:48:Infinity":15,"f:27:6:27:34":3,"s:28:18:28:Infinity":16,"s:29:20:29:37":17,"b:31:8:38:Infinity:undefined:undefined:undefined:undefined":2,"s:31:8:38:Infinity":18,"s:32:10:38:Infinity":19,"f:32:10:32:23":4,"s:33:25:33:Infinity":20,"b:34:12:35:Infinity:undefined:undefined:undefined:undefined":3,"s:34:12:35:Infinity":21,"s:35:14:35:Infinity":22,"s:37:12:37:Infinity":23,"s:41:21:41:Infinity":24,"b:42:8:44:Infinity:undefined:undefined:undefined:undefined":4,"s:42:8:44:Infinity":25,"s:43:10:43:Infinity":26,"b:43:34:43:43:43:43:43:48":5,"s:44:10:44:Infinity":27,"s:47:8:47:Infinity":28,"s:51:4:51:Infinity":29,"s:52:4:52:Infinity":30,"f:52:4:52:17":5,"s:52:17:52:59":31,"s:55:2:55:Infinity":32}}}
,"/home/seandreassen/dev/sensing-garden-dashboard/src/lib/hooks/useTaxaCount.tsx": {"path":"/home/seandreassen/dev/sensing-garden-dashboard/src/lib/hooks/useTaxaCount.tsx","statementMap":{"0":{"start":{"line":9,"column":2},"end":{"line":23,"column":null}},"1":{"start":{"line":12,"column":21},"end":{"line":12,"column":42}},"2":{"start":{"line":14,"column":6},"end":{"line":14,"column":null}},"3":{"start":{"line":16,"column":18},"end":{"line":18,"column":null}},"4":{"start":{"line":21,"column":6},"end":{"line":21,"column":null}}},"fnMap":{"0":{"name":"useTaxaCount","decl":{"start":{"line":8,"column":9},"end":{"line":8,"column":22}},"loc":{"start":{"line":8,"column":64},"end":{"line":23,"column":null}},"line":8},"1":{"name":"(anonymous_1)","decl":{"start":{"line":11,"column":13},"end":{"line":11,"column":25}},"loc":{"start":{"line":11,"column":25},"end":{"line":21,"column":null}},"line":11}},"branchMap":{},"s":{"0":0,"1":0,"2":0,"3":0,"4":0},"f":{"0":0,"1":0},"b":{},"meta":{"lastBranch":0,"lastFunction":2,"lastStatement":5,"seen":{"f:8:9:8:22":0,"s:9:2:23:Infinity":0,"f:11:13:11:25":1,"s:12:21:12:42":1,"s:14:6:14:Infinity":2,"s:16:18:18:Infinity":3,"s:21:6:21:Infinity":4}}}
,"/home/seandreassen/dev/sensing-garden-dashboard/src/lib/hooks/useTopFamilies.tsx": {"path":"/home/seandreassen/dev/sensing-garden-dashboard/src/lib/hooks/useTopFamilies.tsx","statementMap":{"0":{"start":{"line":22,"column":2},"end":{"line":23,"column":null}},"1":{"start":{"line":23,"column":4},"end":{"line":23,"column":null}},"2":{"start":{"line":26,"column":2},"end":{"line":31,"column":null}},"3":{"start":{"line":27,"column":16},"end":{"line":27,"column":null}},"4":{"start":{"line":28,"column":18},"end":{"line":28,"column":null}},"5":{"start":{"line":30,"column":4},"end":{"line":31,"column":null}},"6":{"start":{"line":31,"column":6},"end":{"line":31,"column":null}},"7":{"start":{"line":35,"column":2},"end":{"line":35,"column":null}},"8":{"start":{"line":39,"column":2},"end":{"line":40,"column":null}},"9":{"start":{"line":40,"column":4},"end":{"line":40,"column":null}},"10":{"start":{"line":43,"column":2},"end":{"line":43,"column":null}},"11":{"start":{"line":47,"column":2},"end":{"line":47,"column":null}},"12":{"start":{"line":51,"column":2},"end":{"line":52,"column":null}},"13":{"start":{"line":52,"column":4},"end":{"line":52,"column":null}},"14":{"start":{"line":55,"column":14},"end":{"line":55,"column":null}},"15":{"start":{"line":56,"column":19},"end":{"line":56,"column":48}},"16":{"start":{"line":57,"column":16},"end":{"line":57,"column":42}},"17":{"start":{"line":58,"column":24},"end":{"line":58,"column":56}},"18":{"start":{"line":60,"column":2},"end":{"line":68,"column":null}},"19":{"start":{"line":76,"column":14},"end":{"line":76,"column":96}},"20":{"start":{"line":78,"column":2},"end":{"line":79,"column":null}},"21":{"start":{"line":79,"column":4},"end":{"line":79,"column":null}},"22":{"start":{"line":82,"column":24},"end":{"line":82,"column":40}},"23":{"start":{"line":83,"column":14},"end":{"line":83,"column":27}},"24":{"start":{"line":84,"column":17},"end":{"line":84,"column":42}},"25":{"start":{"line":86,"column":2},"end":{"line":93,"column":null}},"26":{"start":{"line":87,"column":19},"end":{"line":87,"column":34}},"27":{"start":{"line":89,"column":4},"end":{"line":90,"column":null}},"28":{"start":{"line":90,"column":6},"end":{"line":90,"column":null}},"29":{"start":{"line":93,"column":4},"end":{"line":93,"column":null}},"30":{"start":{"line":96,"column":26},"end":{"line":98,"column":null}},"31":{"start":{"line":97,"column":36},"end":{"line":97,"column":null}},"32":{"start":{"line":101,"column":37},"end":{"line":103,"column":20}},"33":{"start":{"line":102,"column":60},"end":{"line":102,"column":72}},"34":{"start":{"line":105,"column":14},"end":{"line":105,"column":null}},"35":{"start":{"line":107,"column":31},"end":{"line":113,"column":5}},"36":{"start":{"line":107,"column":97},"end":{"line":113,"column":5}},"37":{"start":{"line":115,"column":2},"end":{"line":115,"column":null}},"38":{"start":{"line":119,"column":37},"end":{"line":122,"column":4}},"39":{"start":{"line":121,"column":19},"end":{"line":121,"column":42}},"40":{"start":{"line":124,"column":2},"end":{"line":129,"column":null}}},"fnMap":{"0":{"name":"asArray","decl":{"start":{"line":21,"column":9},"end":{"line":21,"column":17}},"loc":{"start":{"line":21,"column":43},"end":{"line":35,"column":null}},"line":21},"1":{"name":"getNestedRecord","decl":{"start":{"line":38,"column":9},"end":{"line":38,"column":25}},"loc":{"start":{"line":38,"column":73},"end":{"line":43,"column":null}},"line":38},"2":{"name":"getString","decl":{"start":{"line":46,"column":9},"end":{"line":46,"column":19}},"loc":{"start":{"line":46,"column":50},"end":{"line":47,"column":null}},"line":46},"3":{"name":"getFamily","decl":{"start":{"line":50,"column":9},"end":{"line":50,"column":19}},"loc":{"start":{"line":50,"column":49},"end":{"line":68,"column":null}},"line":50},"4":{"name":"fetchTopFamilies","decl":{"start":{"line":72,"column":15},"end":{"line":72,"column":32}},"loc":{"start":{"line":75,"column":3},"end":{"line":115,"column":null}},"line":75},"5":{"name":"(anonymous_5)","decl":{"start":{"line":96,"column":54},"end":{"line":96,"column":null}},"loc":{"start":{"line":97,"column":36},"end":{"line":97,"column":null}},"line":97},"6":{"name":"(anonymous_6)","decl":{"start":{"line":102,"column":5},"end":{"line":102,"column":15}},"loc":{"start":{"line":102,"column":60},"end":{"line":102,"column":72}},"line":102},"7":{"name":"(anonymous_7)","decl":{"start":{"line":107,"column":38},"end":{"line":107,"column":43}},"loc":{"start":{"line":107,"column":97},"end":{"line":113,"column":5}},"line":107},"8":{"name":"useTopFamilies","decl":{"start":{"line":118,"column":16},"end":{"line":118,"column":31}},"loc":{"start":{"line":118,"column":64},"end":{"line":129,"column":null}},"line":118},"9":{"name":"(anonymous_9)","decl":{"start":{"line":121,"column":4},"end":{"line":121,"column":19}},"loc":{"start":{"line":121,"column":19},"end":{"line":121,"column":42}},"line":121}},"branchMap":{"0":{"loc":{"start":{"line":22,"column":2},"end":{"line":23,"column":null}},"type":"if","locations":[{"start":{"line":22,"column":2},"end":{"line":23,"column":null}},{"start":{},"end":{}}],"line":22},"1":{"loc":{"start":{"line":26,"column":2},"end":{"line":31,"column":null}},"type":"if","locations":[{"start":{"line":26,"column":2},"end":{"line":31,"column":null}},{"start":{},"end":{}}],"line":26},"2":{"loc":{"start":{"line":26,"column":6},"end":{"line":26,"column":49}},"type":"binary-expr","locations":[{"start":{"line":26,"column":6},"end":{"line":26,"column":34}},{"start":{"line":26,"column":34},"end":{"line":26,"column":49}}],"line":26},"3":{"loc":{"start":{"line":28,"column":18},"end":{"line":28,"column":null}},"type":"binary-expr","locations":[{"start":{"line":28,"column":18},"end":{"line":28,"column":33}},{"start":{"line":28,"column":33},"end":{"line":28,"column":46}},{"start":{"line":28,"column":46},"end":{"line":28,"column":58}},{"start":{"line":28,"column":58},"end":{"line":28,"column":null}}],"line":28},"4":{"loc":{"start":{"line":30,"column":4},"end":{"line":31,"column":null}},"type":"if","locations":[{"start":{"line":30,"column":4},"end":{"line":31,"column":null}},{"start":{},"end":{}}],"line":30},"5":{"loc":{"start":{"line":39,"column":2},"end":{"line":40,"column":null}},"type":"if","locations":[{"start":{"line":39,"column":2},"end":{"line":40,"column":null}},{"start":{},"end":{}}],"line":39},"6":{"loc":{"start":{"line":39,"column":6},"end":{"line":39,"column":51}},"type":"binary-expr","locations":[{"start":{"line":39,"column":6},"end":{"line":39,"column":35}},{"start":{"line":39,"column":35},"end":{"line":39,"column":51}}],"line":39},"7":{"loc":{"start":{"line":47,"column":9},"end":{"line":47,"column":null}},"type":"cond-expr","locations":[{"start":{"line":47,"column":53},"end":{"line":47,"column":65}},{"start":{"line":47,"column":68},"end":{"line":47,"column":null}}],"line":47},"8":{"loc":{"start":{"line":47,"column":9},"end":{"line":47,"column":50}},"type":"binary-expr","locations":[{"start":{"line":47,"column":9},"end":{"line":47,"column":38}},{"start":{"line":47,"column":38},"end":{"line":47,"column":50}}],"line":47},"9":{"loc":{"start":{"line":51,"column":2},"end":{"line":52,"column":null}},"type":"if","locations":[{"start":{"line":51,"column":2},"end":{"line":52,"column":null}},{"start":{},"end":{}}],"line":51},"10":{"loc":{"start":{"line":51,"column":6},"end":{"line":51,"column":49}},"type":"binary-expr","locations":[{"start":{"line":51,"column":6},"end":{"line":51,"column":34}},{"start":{"line":51,"column":34},"end":{"line":51,"column":49}}],"line":51},"11":{"loc":{"start":{"line":61,"column":4},"end":{"line":68,"column":null}},"type":"binary-expr","locations":[{"start":{"line":61,"column":4},"end":{"line":61,"column":25}},{"start":{"line":62,"column":4},"end":{"line":62,"column":29}},{"start":{"line":63,"column":4},"end":{"line":63,"column":31}},{"start":{"line":64,"column":4},"end":{"line":64,"column":35}},{"start":{"line":65,"column":4},"end":{"line":65,"column":28}},{"start":{"line":66,"column":4},"end":{"line":66,"column":32}},{"start":{"line":67,"column":4},"end":{"line":67,"column":36}},{"start":{"line":68,"column":4},"end":{"line":68,"column":null}}],"line":61},"12":{"loc":{"start":{"line":78,"column":2},"end":{"line":79,"column":null}},"type":"if","locations":[{"start":{"line":78,"column":2},"end":{"line":79,"column":null}},{"start":{},"end":{}}],"line":78},"13":{"loc":{"start":{"line":89,"column":4},"end":{"line":90,"column":null}},"type":"if","locations":[{"start":{"line":89,"column":4},"end":{"line":90,"column":null}},{"start":{},"end":{}}],"line":89},"14":{"loc":{"start":{"line":93,"column":24},"end":{"line":93,"column":51}},"type":"binary-expr","locations":[{"start":{"line":93,"column":24},"end":{"line":93,"column":42}},{"start":{"line":93,"column":46},"end":{"line":93,"column":51}}],"line":93},"15":{"loc":{"start":{"line":105,"column":14},"end":{"line":105,"column":null}},"type":"binary-expr","locations":[{"start":{"line":105,"column":14},"end":{"line":105,"column":32}},{"start":{"line":105,"column":32},"end":{"line":105,"column":null}}],"line":105},"16":{"loc":{"start":{"line":111,"column":9},"end":{"line":111,"column":null}},"type":"cond-expr","locations":[{"start":{"line":111,"column":32},"end":{"line":111,"column":65}},{"start":{"line":111,"column":65},"end":{"line":111,"column":null}}],"line":111},"17":{"loc":{"start":{"line":112,"column":12},"end":{"line":112,"column":null}},"type":"cond-expr","locations":[{"start":{"line":112,"column":23},"end":{"line":112,"column":44}},{"start":{"line":112,"column":44},"end":{"line":112,"column":null}}],"line":112},"18":{"loc":{"start":{"line":118,"column":31},"end":{"line":118,"column":64}},"type":"default-arg","locations":[{"start":{"line":118,"column":39},"end":{"line":118,"column":64}}],"line":118},"19":{"loc":{"start":{"line":125,"column":10},"end":{"line":125,"column":26}},"type":"binary-expr","locations":[{"start":{"line":125,"column":10},"end":{"line":125,"column":24}},{"start":{"line":125,"column":24},"end":{"line":125,"column":26}}],"line":125},"20":{"loc":{"start":{"line":126,"column":21},"end":{"line":126,"column":null}},"type":"binary-expr","locations":[{"start":{"line":126,"column":21},"end":{"line":126,"column":46}},{"start":{"line":126,"column":46},"end":{"line":126,"column":null}}],"line":126},"21":{"loc":{"start":{"line":128,"column":11},"end":{"line":128,"column":null}},"type":"cond-expr","locations":[{"start":{"line":128,"column":36},"end":{"line":128,"column":52}},{"start":{"line":128,"column":52},"end":{"line":128,"column":null}}],"line":128}},"s":{"0":0,"1":0,"2":0,"3":0,"4":0,"5":0,"6":0,"7":0,"8":0,"9":0,"10":0,"11":0,"12":0,"13":0,"14":0,"15":0,"16":0,"17":0,"18":0,"19":0,"20":0,"21":0,"22":0,"23":0,"24":0,"25":0,"26":0,"27":0,"28":0,"29":0,"30":0,"31":0,"32":0,"33":0,"34":0,"35":0,"36":0,"37":0,"38":0,"39":0,"40":0},"f":{"0":0,"1":0,"2":0,"3":0,"4":0,"5":0,"6":0,"7":0,"8":0,"9":0},"b":{"0":[0,0],"1":[0,0],"2":[0,0],"3":[0,0,0,0],"4":[0,0],"5":[0,0],"6":[0,0],"7":[0,0],"8":[0,0],"9":[0,0],"10":[0,0],"11":[0,0,0,0,0,0,0,0],"12":[0,0],"13":[0,0],"14":[0,0],"15":[0,0],"16":[0,0],"17":[0,0],"18":[0],"19":[0,0],"20":[0,0],"21":[0,0]},"meta":{"lastBranch":22,"lastFunction":10,"lastStatement":41,"seen":{"f:21:9:21:17":0,"b:22:2:23:Infinity:undefined:undefined:undefined:undefined":0,"s:22:2:23:Infinity":0,"s:23:4:23:Infinity":1,"b:26:2:31:Infinity:undefined:undefined:undefined:undefined":1,"s:26:2:31:Infinity":2,"b:26:6:26:34:26:34:26:49":2,"s:27:16:27:Infinity":3,"s:28:18:28:Infinity":4,"b:28:18:28:33:28:33:28:46:28:46:28:58:28:58:28:Infinity":3,"b:30:4:31:Infinity:undefined:undefined:undefined:undefined":4,"s:30:4:31:Infinity":5,"s:31:6:31:Infinity":6,"s:35:2:35:Infinity":7,"f:38:9:38:25":1,"b:39:2:40:Infinity:undefined:undefined:undefined:undefined":5,"s:39:2:40:Infinity":8,"b:39:6:39:35:39:35:39:51":6,"s:40:4:40:Infinity":9,"s:43:2:43:Infinity":10,"f:46:9:46:19":2,"s:47:2:47:Infinity":11,"b:47:53:47:65:47:68:47:Infinity":7,"b:47:9:47:38:47:38:47:50":8,"f:50:9:50:19":3,"b:51:2:52:Infinity:undefined:undefined:undefined:undefined":9,"s:51:2:52:Infinity":12,"b:51:6:51:34:51:34:51:49":10,"s:52:4:52:Infinity":13,"s:55:14:55:Infinity":14,"s:56:19:56:48":15,"s:57:16:57:42":16,"s:58:24:58:56":17,"s:60:2:68:Infinity":18,"b:61:4:61:25:62:4:62:29:63:4:63:31:64:4:64:35:65:4:65:28:66:4:66:32:67:4:67:36:68:4:68:Infinity":11,"f:72:15:72:32":4,"s:76:14:76:96":19,"b:78:2:79:Infinity:undefined:undefined:undefined:undefined":12,"s:78:2:79:Infinity":20,"s:79:4:79:Infinity":21,"s:82:24:82:40":22,"s:83:14:83:27":23,"s:84:17:84:42":24,"s:86:2:93:Infinity":25,"s:87:19:87:34":26,"b:89:4:90:Infinity:undefined:undefined:undefined:undefined":13,"s:89:4:90:Infinity":27,"s:90:6:90:Infinity":28,"s:93:4:93:Infinity":29,"b:93:24:93:42:93:46:93:51":14,"s:96:26:98:Infinity":30,"f:96:54:96:Infinity":5,"s:97:36:97:Infinity":31,"s:101:37:103:20":32,"f:102:5:102:15":6,"s:102:60:102:72":33,"s:105:14:105:Infinity":34,"b:105:14:105:32:105:32:105:Infinity":15,"s:107:31:113:5":35,"f:107:38:107:43":7,"s:107:97:113:5":36,"b:111:32:111:65:111:65:111:Infinity":16,"b:112:23:112:44:112:44:112:Infinity":17,"s:115:2:115:Infinity":37,"f:118:16:118:31":8,"b:118:39:118:64":18,"s:119:37:122:4":38,"f:121:4:121:19":9,"s:121:19:121:42":39,"s:124:2:129:Infinity":40,"b:125:10:125:24:125:24:125:26":19,"b:126:21:126:46:126:46:126:Infinity":20,"b:128:36:128:52:128:52:128:Infinity":21}}}
,"/home/seandreassen/dev/sensing-garden-dashboard/src/lib/types/api.ts": {"path":"/home/seandreassen/dev/sensing-garden-dashboard/src/lib/types/api.ts","statementMap":{},"fnMap":{},"branchMap":{},"s":{},"f":{},"b":{},"meta":{"lastBranch":0,"lastFunction":0,"lastStatement":0,"seen":{}}}
}
